<?xml version="1.0" encoding="UTF-8"?>
<coverage generated="1771733549969" clover="3.2.0">
  <project timestamp="1771733549969" name="All files">
    <metrics statements="584" coveredstatements="452" conditionals="257" coveredconditionals="175" methods="141" coveredmethods="124" elements="982" coveredelements="751" complexity="0" loc="584" ncloc="584" packages="11" files="31" classes="31"/>
    <package name="src">
      <metrics statements="29" coveredstatements="29" conditionals="0" coveredconditionals="0" methods="0" coveredmethods="0"/>
      <file name="app.ts" path="/Users/dako/Documents/200-MyProject/BookAction/BookAction_BackEnd/src/app.ts">
        <metrics statements="29" coveredstatements="29" conditionals="0" coveredconditionals="0" methods="0" coveredmethods="0"/>
        <line num="46" count="5" type="stmt"/>
        <line num="50" count="5" type="stmt"/>
        <line num="51" count="5" type="stmt"/>
        <line num="53" count="5" type="stmt"/>
        <line num="54" count="5" type="stmt"/>
        <line num="56" count="5" type="stmt"/>
        <line num="58" count="5" type="stmt"/>
        <line num="61" count="5" type="stmt"/>
        <line num="62" count="5" type="stmt"/>
        <line num="64" count="5" type="stmt"/>
        <line num="65" count="5" type="stmt"/>
        <line num="66" count="5" type="stmt"/>
        <line num="67" count="5" type="stmt"/>
        <line num="70" count="5" type="stmt"/>
        <line num="71" count="5" type="stmt"/>
        <line num="75" count="5" type="stmt"/>
        <line num="76" count="5" type="stmt"/>
        <line num="77" count="5" type="stmt"/>
        <line num="81" count="5" type="stmt"/>
        <line num="84" count="5" type="stmt"/>
        <line num="99" count="5" type="stmt"/>
        <line num="100" count="5" type="stmt"/>
        <line num="101" count="5" type="stmt"/>
        <line num="106" count="5" type="stmt"/>
        <line num="107" count="5" type="stmt"/>
        <line num="108" count="5" type="stmt"/>
        <line num="109" count="5" type="stmt"/>
        <line num="110" count="5" type="stmt"/>
        <line num="113" count="5" type="stmt"/>
      </file>
    </package>
    <package name="src.constants">
      <metrics statements="6" coveredstatements="6" conditionals="6" coveredconditionals="6" methods="1" coveredmethods="1"/>
      <file name="medalThresholds.ts" path="/Users/dako/Documents/200-MyProject/BookAction/BookAction_BackEnd/src/constants/medalThresholds.ts">
        <metrics statements="5" coveredstatements="5" conditionals="6" coveredconditionals="6" methods="1" coveredmethods="1"/>
        <line num="6" count="6" type="stmt"/>
        <line num="22" count="23" type="cond" truecount="2" falsecount="0"/>
        <line num="23" count="14" type="cond" truecount="2" falsecount="0"/>
        <line num="24" count="9" type="cond" truecount="2" falsecount="0"/>
        <line num="25" count="4" type="stmt"/>
      </file>
      <file name="responseTypes.ts" path="/Users/dako/Documents/200-MyProject/BookAction/BookAction_BackEnd/src/constants/responseTypes.ts">
        <metrics statements="1" coveredstatements="1" conditionals="0" coveredconditionals="0" methods="0" coveredmethods="0"/>
        <line num="4" count="5" type="stmt"/>
      </file>
    </package>
    <package name="src.controller">
      <metrics statements="185" coveredstatements="149" conditionals="86" coveredconditionals="66" methods="27" coveredmethods="26"/>
      <file name="AuthController.ts" path="/Users/dako/Documents/200-MyProject/BookAction/BookAction_BackEnd/src/controller/AuthController.ts">
        <metrics statements="60" coveredstatements="45" conditionals="22" coveredconditionals="13" methods="9" coveredmethods="8"/>
        <line num="20" count="5" type="stmt"/>
        <line num="25" count="12" type="stmt"/>
        <line num="36" count="4" type="stmt"/>
        <line num="38" count="4" type="stmt"/>
        <line num="42" count="2" type="stmt"/>
        <line num="45" count="1" type="stmt"/>
        <line num="48" count="1" type="stmt"/>
        <line num="57" count="1" type="stmt"/>
        <line num="66" count="3" type="stmt"/>
        <line num="68" count="3" type="cond" truecount="2" falsecount="0"/>
        <line num="69" count="2" type="stmt"/>
        <line num="72" count="2" type="stmt"/>
        <line num="77" count="2" type="stmt"/>
        <line num="81" count="1" type="stmt"/>
        <line num="90" count="12" type="stmt"/>
        <line num="92" count="12" type="stmt"/>
        <line num="96" count="12" type="stmt"/>
        <line num="102" count="10" type="stmt"/>
        <line num="105" count="10" type="stmt"/>
        <line num="114" count="10" type="stmt"/>
        <line num="123" count="2" type="stmt"/>
        <line num="125" count="2" type="cond" truecount="1" falsecount="1"/>
        <line num="126" count="0" type="stmt"/>
        <line num="129" count="0" type="stmt"/>
        <line num="134" count="0" type="stmt"/>
        <line num="137" count="2" type="cond" truecount="1" falsecount="1"/>
        <line num="138" count="2" type="stmt"/>
        <line num="142" count="2" type="stmt"/>
        <line num="146" count="0" type="stmt"/>
        <line num="155" count="2" type="stmt"/>
        <line num="157" count="2" type="cond" truecount="2" falsecount="0"/>
        <line num="159" count="2" type="cond" truecount="1" falsecount="1"/>
        <line num="160" count="0" type="stmt"/>
        <line num="163" count="0" type="stmt"/>
        <line num="167" count="2" type="stmt"/>
        <line num="172" count="1" type="stmt"/>
        <line num="180" count="1" type="stmt"/>
        <line num="182" count="1" type="stmt"/>
        <line num="191" count="1" type="stmt"/>
        <line num="193" count="1" type="stmt"/>
        <line num="194" count="1" type="cond" truecount="1" falsecount="1"/>
        <line num="195" count="1" type="stmt"/>
        <line num="199" count="1" type="stmt"/>
        <line num="201" count="1" type="stmt"/>
        <line num="206" count="0" type="stmt"/>
        <line num="209" count="0" type="stmt"/>
        <line num="210" count="0" type="stmt"/>
        <line num="220" count="1" type="stmt"/>
        <line num="223" count="1" type="cond" truecount="1" falsecount="1"/>
        <line num="224" count="1" type="cond" truecount="1" falsecount="1"/>
        <line num="225" count="0" type="stmt"/>
        <line num="229" count="0" type="stmt"/>
        <line num="233" count="1" type="stmt"/>
        <line num="236" count="1" type="cond" truecount="1" falsecount="1"/>
        <line num="237" count="0" type="stmt"/>
        <line num="241" count="0" type="stmt"/>
        <line num="245" count="1" type="stmt"/>
        <line num="248" count="1" type="stmt"/>
        <line num="255" count="0" type="stmt"/>
        <line num="257" count="0" type="stmt"/>
      </file>
      <file name="ConceptController.ts" path="/Users/dako/Documents/200-MyProject/BookAction/BookAction_BackEnd/src/controller/ConceptController.ts">
        <metrics statements="52" coveredstatements="44" conditionals="25" coveredconditionals="22" methods="7" coveredmethods="7"/>
        <line num="14" count="5" type="stmt"/>
        <line num="15" count="5" type="stmt"/>
        <line num="19" count="16" type="cond" truecount="1" falsecount="1"/>
        <line num="21" count="16" type="cond" truecount="2" falsecount="0"/>
        <line num="22" count="3" type="stmt"/>
        <line num="23" count="3" type="stmt"/>
        <line num="25" count="13" type="stmt"/>
        <line num="29" count="3" type="stmt"/>
        <line num="30" count="3" type="stmt"/>
        <line num="31" count="3" type="cond" truecount="2" falsecount="0"/>
        <line num="33" count="2" type="stmt"/>
        <line num="34" count="1" type="stmt"/>
        <line num="36" count="1" type="stmt"/>
        <line num="37" count="1" type="stmt"/>
        <line num="42" count="2" type="stmt"/>
        <line num="43" count="2" type="stmt"/>
        <line num="44" count="2" type="cond" truecount="2" falsecount="0"/>
        <line num="46" count="1" type="stmt"/>
        <line num="47" count="1" type="stmt"/>
        <line num="49" count="0" type="stmt"/>
        <line num="50" count="0" type="stmt"/>
        <line num="55" count="2" type="stmt"/>
        <line num="56" count="2" type="stmt"/>
        <line num="57" count="2" type="cond" truecount="2" falsecount="0"/>
        <line num="59" count="1" type="stmt"/>
        <line num="60" count="1" type="stmt"/>
        <line num="62" count="0" type="stmt"/>
        <line num="63" count="0" type="stmt"/>
        <line num="68" count="14" type="stmt"/>
        <line num="69" count="14" type="cond" truecount="1" falsecount="1"/>
        <line num="71" count="14" type="cond" truecount="2" falsecount="0"/>
        <line num="72" count="1" type="stmt"/>
        <line num="73" count="1" type="stmt"/>
        <line num="76" count="13" type="stmt"/>
        <line num="77" count="13" type="cond" truecount="5" falsecount="0"/>
        <line num="78" count="1" type="stmt"/>
        <line num="79" count="1" type="stmt"/>
        <line num="82" count="12" type="stmt"/>
        <line num="90" count="12" type="stmt"/>
        <line num="92" count="0" type="stmt"/>
        <line num="93" count="0" type="stmt"/>
        <line num="99" count="9" type="stmt"/>
        <line num="100" count="9" type="stmt"/>
        <line num="101" count="9" type="cond" truecount="1" falsecount="1"/>
        <line num="103" count="9" type="stmt"/>
        <line num="105" count="9" type="cond" truecount="4" falsecount="0"/>
        <line num="106" count="1" type="stmt"/>
        <line num="107" count="1" type="stmt"/>
        <line num="110" count="8" type="stmt"/>
        <line num="116" count="8" type="stmt"/>
        <line num="118" count="0" type="stmt"/>
        <line num="119" count="0" type="stmt"/>
      </file>
      <file name="MedalController.ts" path="/Users/dako/Documents/200-MyProject/BookAction/BookAction_BackEnd/src/controller/MedalController.ts">
        <metrics statements="4" coveredstatements="4" conditionals="0" coveredconditionals="0" methods="2" coveredmethods="2"/>
        <line num="8" count="5" type="stmt"/>
        <line num="17" count="7" type="stmt"/>
        <line num="18" count="7" type="stmt"/>
        <line num="19" count="7" type="stmt"/>
      </file>
      <file name="ModuleController.ts" path="/Users/dako/Documents/200-MyProject/BookAction/BookAction_BackEnd/src/controller/ModuleController.ts">
        <metrics statements="41" coveredstatements="31" conditionals="19" coveredconditionals="13" methods="5" coveredmethods="5"/>
        <line num="9" count="5" type="stmt"/>
        <line num="13" count="3" type="stmt"/>
        <line num="15" count="3" type="cond" truecount="1" falsecount="1"/>
        <line num="18" count="3" type="cond" truecount="2" falsecount="0"/>
        <line num="19" count="1" type="stmt"/>
        <line num="20" count="1" type="stmt"/>
        <line num="24" count="2" type="stmt"/>
        <line num="27" count="1" type="stmt"/>
        <line num="29" count="1" type="stmt"/>
        <line num="30" count="1" type="stmt"/>
        <line num="35" count="1" type="stmt"/>
        <line num="36" count="1" type="stmt"/>
        <line num="38" count="1" type="cond" truecount="1" falsecount="1"/>
        <line num="39" count="0" type="stmt"/>
        <line num="40" count="0" type="stmt"/>
        <line num="43" count="1" type="stmt"/>
        <line num="46" count="1" type="stmt"/>
        <line num="48" count="0" type="stmt"/>
        <line num="49" count="0" type="stmt"/>
        <line num="54" count="2" type="stmt"/>
        <line num="55" count="2" type="cond" truecount="1" falsecount="1"/>
        <line num="57" count="2" type="cond" truecount="1" falsecount="1"/>
        <line num="58" count="0" type="stmt"/>
        <line num="59" count="0" type="stmt"/>
        <line num="62" count="2" type="stmt"/>
        <line num="63" count="1" type="stmt"/>
        <line num="65" count="1" type="stmt"/>
        <line num="66" count="1" type="stmt"/>
        <line num="71" count="2" type="stmt"/>
        <line num="73" count="2" type="cond" truecount="1" falsecount="1"/>
        <line num="75" count="2" type="cond" truecount="1" falsecount="1"/>
        <line num="76" count="0" type="stmt"/>
        <line num="77" count="0" type="stmt"/>
        <line num="81" count="2" type="stmt"/>
        <line num="82" count="2" type="cond" truecount="5" falsecount="0"/>
        <line num="83" count="1" type="stmt"/>
        <line num="84" count="1" type="stmt"/>
        <line num="88" count="1" type="stmt"/>
        <line num="96" count="1" type="stmt"/>
        <line num="104" count="0" type="stmt"/>
        <line num="105" count="0" type="stmt"/>
      </file>
      <file name="SeedController.ts" path="/Users/dako/Documents/200-MyProject/BookAction/BookAction_BackEnd/src/controller/SeedController.ts">
        <metrics statements="28" coveredstatements="25" conditionals="20" coveredconditionals="18" methods="4" coveredmethods="4"/>
        <line num="8" count="5" type="stmt"/>
        <line num="12" count="4" type="stmt"/>
        <line num="13" count="4" type="cond" truecount="2" falsecount="0"/>
        <line num="14" count="1" type="stmt"/>
        <line num="17" count="1" type="stmt"/>
        <line num="20" count="3" type="stmt"/>
        <line num="21" count="3" type="cond" truecount="2" falsecount="0"/>
        <line num="22" count="1" type="stmt"/>
        <line num="23" count="1" type="stmt"/>
        <line num="26" count="2" type="stmt"/>
        <line num="27" count="2" type="stmt"/>
        <line num="28" count="2" type="cond" truecount="2" falsecount="0"/>
        <line num="30" count="2" type="cond" truecount="4" falsecount="0"/>
        <line num="31" count="1" type="stmt"/>
        <line num="32" count="1" type="stmt"/>
        <line num="35" count="1" type="stmt"/>
        <line num="37" count="1" type="stmt"/>
        <line num="51" count="0" type="stmt"/>
        <line num="52" count="0" type="stmt"/>
        <line num="58" count="2" type="cond" truecount="2" falsecount="0"/>
        <line num="59" count="1" type="stmt"/>
        <line num="62" count="1" type="stmt"/>
        <line num="63" count="1" type="cond" truecount="3" falsecount="1"/>
        <line num="64" count="0" type="stmt"/>
        <line num="67" count="1" type="stmt"/>
        <line num="71" count="2" type="cond" truecount="2" falsecount="0"/>
        <line num="72" count="1" type="stmt"/>
        <line num="74" count="1" type="cond" truecount="1" falsecount="1"/>
      </file>
    </package>
    <package name="src.lib">
      <metrics statements="6" coveredstatements="6" conditionals="4" coveredconditionals="3" methods="0" coveredmethods="0"/>
      <file name="prisma.ts" path="/Users/dako/Documents/200-MyProject/BookAction/BookAction_BackEnd/src/lib/prisma.ts">
        <metrics statements="6" coveredstatements="6" conditionals="4" coveredconditionals="3" methods="0" coveredmethods="0"/>
        <line num="6" count="5" type="stmt"/>
        <line num="11" count="5" type="stmt"/>
        <line num="16" count="5" type="stmt"/>
        <line num="18" count="5" type="cond" truecount="2" falsecount="0"/>
        <line num="20" count="5" type="cond" truecount="1" falsecount="1"/>
        <line num="21" count="5" type="stmt"/>
      </file>
    </package>
    <package name="src.middleware">
      <metrics statements="32" coveredstatements="16" conditionals="14" coveredconditionals="6" methods="4" coveredmethods="1"/>
      <file name="authMiddleware.ts" path="/Users/dako/Documents/200-MyProject/BookAction/BookAction_BackEnd/src/middleware/authMiddleware.ts">
        <metrics statements="27" coveredstatements="16" conditionals="12" coveredconditionals="6" methods="3" coveredmethods="1"/>
        <line num="23" count="53" type="stmt"/>
        <line num="24" count="53" type="cond" truecount="1" falsecount="1"/>
        <line num="25" count="53" type="stmt"/>
        <line num="27" count="0" type="stmt"/>
        <line num="30" count="53" type="stmt"/>
        <line num="32" count="53" type="stmt"/>
        <line num="34" count="53" type="cond" truecount="2" falsecount="0"/>
        <line num="35" count="5" type="stmt"/>
        <line num="39" count="5" type="stmt"/>
        <line num="45" count="48" type="stmt"/>
        <line num="48" count="48" type="cond" truecount="3" falsecount="1"/>
        <line num="49" count="0" type="stmt"/>
        <line num="53" count="0" type="stmt"/>
        <line num="57" count="48" type="stmt"/>
        <line num="60" count="47" type="stmt"/>
        <line num="63" count="47" type="stmt"/>
        <line num="65" count="1" type="stmt"/>
        <line num="69" count="1" type="stmt"/>
        <line num="73" count="1" type="stmt"/>
        <line num="81" count="0" type="stmt"/>
        <line num="82" count="0" type="cond" truecount="0" falsecount="2"/>
        <line num="83" count="0" type="stmt"/>
        <line num="87" count="0" type="stmt"/>
        <line num="90" count="0" type="cond" truecount="0" falsecount="2"/>
        <line num="91" count="0" type="stmt"/>
        <line num="95" count="0" type="stmt"/>
        <line num="98" count="0" type="stmt"/>
      </file>
      <file name="errorHandler.ts" path="/Users/dako/Documents/200-MyProject/BookAction/BookAction_BackEnd/src/middleware/errorHandler.ts">
        <metrics statements="5" coveredstatements="0" conditionals="2" coveredconditionals="0" methods="1" coveredmethods="0"/>
        <line num="10" count="0" type="cond" truecount="0" falsecount="2"/>
        <line num="11" count="0" type="stmt"/>
        <line num="14" count="0" type="stmt"/>
        <line num="16" count="0" type="stmt"/>
        <line num="17" count="0" type="stmt"/>
      </file>
    </package>
    <package name="src.repositories">
      <metrics statements="68" coveredstatements="66" conditionals="47" coveredconditionals="31" methods="44" coveredmethods="42"/>
      <file name="ConceptRepository.ts" path="/Users/dako/Documents/200-MyProject/BookAction/BookAction_BackEnd/src/repositories/ConceptRepository.ts">
        <metrics statements="7" coveredstatements="7" conditionals="6" coveredconditionals="3" methods="6" coveredmethods="6"/>
        <line num="37" count="5" type="stmt"/>
        <line num="48" count="2" type="stmt"/>
        <line num="60" count="1" type="stmt"/>
        <line num="72" count="1" type="stmt"/>
        <line num="85" count="12" type="stmt"/>
        <line num="105" count="12" type="stmt"/>
        <line num="110" count="12" type="cond" truecount="1" falsecount="1"/>
      </file>
      <file name="MedalRepository.ts" path="/Users/dako/Documents/200-MyProject/BookAction/BookAction_BackEnd/src/repositories/MedalRepository.ts">
        <metrics statements="32" coveredstatements="32" conditionals="18" coveredconditionals="13" methods="16" coveredmethods="16"/>
        <line num="5" count="5" type="stmt"/>
        <line num="16" count="5" type="stmt"/>
        <line num="29" count="8" type="stmt"/>
        <line num="34" count="8" type="cond" truecount="4" falsecount="0"/>
        <line num="36" count="2" type="stmt"/>
        <line num="39" count="6" type="stmt"/>
        <line num="55" count="3" type="stmt"/>
        <line num="60" count="3" type="cond" truecount="4" falsecount="0"/>
        <line num="61" count="1" type="stmt"/>
        <line num="64" count="2" type="stmt"/>
        <line num="75" count="7" type="stmt"/>
        <line num="86" count="7" type="stmt"/>
        <line num="87" count="12" type="stmt"/>
        <line num="92" count="3" type="stmt"/>
        <line num="113" count="8" type="stmt"/>
        <line num="118" count="8" type="cond" truecount="1" falsecount="1"/>
        <line num="120" count="13" type="stmt"/>
        <line num="123" count="8" type="stmt"/>
        <line num="131" count="8" type="cond" truecount="1" falsecount="1"/>
        <line num="134" count="8" type="stmt"/>
        <line num="136" count="30" type="stmt"/>
        <line num="137" count="30" type="cond" truecount="1" falsecount="1"/>
        <line num="139" count="30" type="stmt"/>
        <line num="141" count="8" type="cond" truecount="1" falsecount="1"/>
        <line num="143" count="30" type="stmt"/>
        <line num="144" count="8" type="stmt"/>
        <line num="151" count="8" type="stmt"/>
        <line num="155" count="20" type="stmt"/>
        <line num="162" count="8" type="stmt"/>
        <line num="166" count="8" type="cond" truecount="1" falsecount="1"/>
        <line num="177" count="8" type="stmt"/>
        <line num="194" count="3" type="stmt"/>
      </file>
      <file name="ModuleRepository.ts" path="/Users/dako/Documents/200-MyProject/BookAction/BookAction_BackEnd/src/repositories/ModuleRepository.ts">
        <metrics statements="12" coveredstatements="12" conditionals="11" coveredconditionals="7" methods="8" coveredmethods="8"/>
        <line num="9" count="5" type="stmt"/>
        <line num="13" count="2" type="stmt"/>
        <line num="20" count="2" type="stmt"/>
        <line num="30" count="1" type="stmt"/>
        <line num="47" count="1" type="stmt"/>
        <line num="50" count="2" type="stmt"/>
        <line num="51" count="2" type="stmt"/>
        <line num="52" count="4" type="cond" truecount="2" falsecount="0"/>
        <line num="55" count="2" type="cond" truecount="1" falsecount="1"/>
        <line num="59" count="2" type="stmt"/>
        <line num="72" count="4" type="stmt"/>
        <line num="85" count="1" type="stmt"/>
      </file>
      <file name="RefreshTokenRepository.ts" path="/Users/dako/Documents/200-MyProject/BookAction/BookAction_BackEnd/src/repositories/RefreshTokenRepository.ts">
        <metrics statements="9" coveredstatements="7" conditionals="4" coveredconditionals="4" methods="6" coveredmethods="4"/>
        <line num="7" count="5" type="stmt"/>
        <line num="16" count="11" type="stmt"/>
        <line num="27" count="3" type="stmt"/>
        <line num="32" count="3" type="cond" truecount="4" falsecount="0"/>
        <line num="33" count="2" type="stmt"/>
        <line num="35" count="1" type="stmt"/>
        <line num="41" count="1" type="stmt"/>
        <line num="51" count="0" type="stmt"/>
        <line num="63" count="0" type="stmt"/>
      </file>
      <file name="UserProgressRepository.ts" path="/Users/dako/Documents/200-MyProject/BookAction/BookAction_BackEnd/src/repositories/UserProgressRepository.ts">
        <metrics statements="2" coveredstatements="2" conditionals="8" coveredconditionals="4" methods="2" coveredmethods="2"/>
        <line num="8" count="5" type="stmt"/>
        <line num="16" count="8" type="stmt"/>
      </file>
      <file name="UserRepository.ts" path="/Users/dako/Documents/200-MyProject/BookAction/BookAction_BackEnd/src/repositories/UserRepository.ts">
        <metrics statements="6" coveredstatements="6" conditionals="0" coveredconditionals="0" methods="6" coveredmethods="6"/>
        <line num="8" count="5" type="stmt"/>
        <line num="13" count="13" type="stmt"/>
        <line num="20" count="2" type="stmt"/>
        <line num="27" count="2" type="stmt"/>
        <line num="36" count="1" type="stmt"/>
        <line num="47" count="10" type="stmt"/>
      </file>
    </package>
    <package name="src.routes">
      <metrics statements="41" coveredstatements="41" conditionals="0" coveredconditionals="0" methods="21" coveredmethods="21"/>
      <file name="auth.routes.ts" path="/Users/dako/Documents/200-MyProject/BookAction/BookAction_BackEnd/src/routes/auth.routes.ts">
        <metrics statements="9" coveredstatements="9" conditionals="0" coveredconditionals="0" methods="6" coveredmethods="6"/>
        <line num="8" count="5" type="stmt"/>
        <line num="11" count="5" type="stmt"/>
        <line num="12" count="12" type="stmt"/>
        <line num="13" count="5" type="stmt"/>
        <line num="16" count="5" type="stmt"/>
        <line num="17" count="1" type="stmt"/>
        <line num="20" count="5" type="stmt"/>
        <line num="21" count="1" type="stmt"/>
        <line num="24" count="5" type="stmt"/>
      </file>
      <file name="concept.routes.ts" path="/Users/dako/Documents/200-MyProject/BookAction/BookAction_BackEnd/src/routes/concept.routes.ts">
        <metrics statements="13" coveredstatements="13" conditionals="0" coveredconditionals="0" methods="6" coveredmethods="6"/>
        <line num="6" count="5" type="stmt"/>
        <line num="9" count="5" type="stmt"/>
        <line num="11" count="5" type="stmt"/>
        <line num="12" count="3" type="stmt"/>
        <line num="15" count="5" type="stmt"/>
        <line num="16" count="2" type="stmt"/>
        <line num="19" count="5" type="stmt"/>
        <line num="20" count="2" type="stmt"/>
        <line num="23" count="5" type="stmt"/>
        <line num="24" count="14" type="stmt"/>
        <line num="28" count="5" type="stmt"/>
        <line num="29" count="9" type="stmt"/>
        <line num="32" count="5" type="stmt"/>
      </file>
      <file name="medal.routes.ts" path="/Users/dako/Documents/200-MyProject/BookAction/BookAction_BackEnd/src/routes/medal.routes.ts">
        <metrics statements="4" coveredstatements="4" conditionals="0" coveredconditionals="0" methods="2" coveredmethods="2"/>
        <line num="6" count="5" type="stmt"/>
        <line num="9" count="5" type="stmt"/>
        <line num="10" count="7" type="stmt"/>
        <line num="13" count="5" type="stmt"/>
      </file>
      <file name="module.routes.ts" path="/Users/dako/Documents/200-MyProject/BookAction/BookAction_BackEnd/src/routes/module.routes.ts">
        <metrics statements="11" coveredstatements="11" conditionals="0" coveredconditionals="0" methods="5" coveredmethods="5"/>
        <line num="6" count="5" type="stmt"/>
        <line num="9" count="5" type="stmt"/>
        <line num="11" count="5" type="stmt"/>
        <line num="12" count="3" type="stmt"/>
        <line num="15" count="5" type="stmt"/>
        <line num="16" count="2" type="stmt"/>
        <line num="19" count="5" type="stmt"/>
        <line num="20" count="1" type="stmt"/>
        <line num="23" count="5" type="stmt"/>
        <line num="24" count="2" type="stmt"/>
        <line num="27" count="5" type="stmt"/>
      </file>
      <file name="seed.routes.ts" path="/Users/dako/Documents/200-MyProject/BookAction/BookAction_BackEnd/src/routes/seed.routes.ts">
        <metrics statements="4" coveredstatements="4" conditionals="0" coveredconditionals="0" methods="2" coveredmethods="2"/>
        <line num="5" count="5" type="stmt"/>
        <line num="7" count="5" type="stmt"/>
        <line num="8" count="4" type="stmt"/>
        <line num="11" count="5" type="stmt"/>
      </file>
    </package>
    <package name="src.seed">
      <metrics statements="56" coveredstatements="0" conditionals="4" coveredconditionals="0" methods="7" coveredmethods="0"/>
      <file name="runSeed.ts" path="/Users/dako/Documents/200-MyProject/BookAction/BookAction_BackEnd/src/seed/runSeed.ts">
        <metrics statements="56" coveredstatements="0" conditionals="4" coveredconditionals="0" methods="7" coveredmethods="0"/>
        <line num="72" count="0" type="stmt"/>
        <line num="74" count="0" type="stmt"/>
        <line num="75" count="0" type="stmt"/>
        <line num="77" count="0" type="stmt"/>
        <line num="87" count="0" type="stmt"/>
        <line num="88" count="0" type="stmt"/>
        <line num="103" count="0" type="stmt"/>
        <line num="105" count="0" type="stmt"/>
        <line num="108" count="0" type="stmt"/>
        <line num="109" count="0" type="stmt"/>
        <line num="110" count="0" type="stmt"/>
        <line num="111" count="0" type="stmt"/>
        <line num="112" count="0" type="stmt"/>
        <line num="113" count="0" type="stmt"/>
        <line num="114" count="0" type="stmt"/>
        <line num="115" count="0" type="stmt"/>
        <line num="116" count="0" type="stmt"/>
        <line num="117" count="0" type="stmt"/>
        <line num="118" count="0" type="stmt"/>
        <line num="120" count="0" type="stmt"/>
        <line num="124" count="0" type="stmt"/>
        <line num="138" count="0" type="stmt"/>
        <line num="139" count="0" type="stmt"/>
        <line num="140" count="0" type="stmt"/>
        <line num="144" count="0" type="stmt"/>
        <line num="153" count="0" type="stmt"/>
        <line num="155" count="0" type="stmt"/>
        <line num="165" count="0" type="stmt"/>
        <line num="173" count="0" type="stmt"/>
        <line num="177" count="0" type="stmt"/>
        <line num="183" count="0" type="stmt"/>
        <line num="184" count="0" type="stmt"/>
        <line num="186" count="0" type="cond" truecount="0" falsecount="2"/>
        <line num="187" count="0" type="stmt"/>
        <line num="190" count="0" type="stmt"/>
        <line num="201" count="0" type="stmt"/>
        <line num="202" count="0" type="stmt"/>
        <line num="203" count="0" type="stmt"/>
        <line num="205" count="0" type="stmt"/>
        <line num="206" count="0" type="stmt"/>
        <line num="207" count="0" type="stmt"/>
        <line num="208" count="0" type="stmt"/>
        <line num="211" count="0" type="stmt"/>
        <line num="223" count="0" type="stmt"/>
        <line num="225" count="0" type="stmt"/>
        <line num="233" count="0" type="stmt"/>
        <line num="244" count="0" type="stmt"/>
        <line num="246" count="0" type="stmt"/>
        <line num="247" count="0" type="stmt"/>
        <line num="257" count="0" type="stmt"/>
        <line num="268" count="0" type="stmt"/>
        <line num="277" count="0" type="cond" truecount="0" falsecount="2"/>
        <line num="278" count="0" type="stmt"/>
        <line num="290" count="0" type="stmt"/>
        <line num="294" count="0" type="stmt"/>
        <line num="305" count="0" type="stmt"/>
      </file>
    </package>
    <package name="src.services">
      <metrics statements="152" coveredstatements="130" conditionals="94" coveredconditionals="63" methods="35" coveredmethods="31"/>
      <file name="AuthService.ts" path="/Users/dako/Documents/200-MyProject/BookAction/BookAction_BackEnd/src/services/AuthService.ts">
        <metrics statements="55" coveredstatements="49" conditionals="34" coveredconditionals="23" methods="8" coveredmethods="7"/>
        <line num="31" count="5" type="stmt"/>
        <line num="32" count="5" type="stmt"/>
        <line num="35" count="5" type="cond" truecount="1" falsecount="1"/>
        <line num="36" count="5" type="cond" truecount="1" falsecount="1"/>
        <line num="38" count="5" type="cond" truecount="1" falsecount="1"/>
        <line num="41" count="5" type="stmt"/>
        <line num="42" count="5" type="stmt"/>
        <line num="43" count="5" type="cond" truecount="3" falsecount="1"/>
        <line num="44" count="0" type="stmt"/>
        <line num="48" count="5" type="stmt"/>
        <line num="49" count="5" type="stmt"/>
        <line num="53" count="11" type="stmt"/>
        <line num="65" count="11" type="stmt"/>
        <line num="72" count="11" type="stmt"/>
        <line num="86" count="11" type="stmt"/>
        <line num="88" count="11" type="cond" truecount="1" falsecount="1"/>
        <line num="91" count="11" type="stmt"/>
        <line num="94" count="11" type="stmt"/>
        <line num="96" count="11" type="stmt"/>
        <line num="104" count="2" type="cond" truecount="2" falsecount="0"/>
        <line num="105" count="1" type="stmt"/>
        <line num="108" count="1" type="cond" truecount="1" falsecount="1"/>
        <line num="109" count="0" type="stmt"/>
        <line num="113" count="1" type="stmt"/>
        <line num="116" count="1" type="stmt"/>
        <line num="123" count="1" type="stmt"/>
        <line num="125" count="1" type="stmt"/>
        <line num="132" count="12" type="stmt"/>
        <line num="134" count="12" type="cond" truecount="2" falsecount="0"/>
        <line num="135" count="11" type="stmt"/>
        <line num="137" count="1" type="stmt"/>
        <line num="139" count="12" type="cond" truecount="2" falsecount="0"/>
        <line num="140" count="1" type="stmt"/>
        <line num="142" count="11" type="cond" truecount="1" falsecount="1"/>
        <line num="143" count="0" type="stmt"/>
        <line num="147" count="11" type="stmt"/>
        <line num="151" count="11" type="cond" truecount="2" falsecount="0"/>
        <line num="152" count="1" type="stmt"/>
        <line num="156" count="10" type="stmt"/>
        <line num="159" count="10" type="stmt"/>
        <line num="161" count="10" type="stmt"/>
        <line num="167" count="2" type="stmt"/>
        <line num="171" count="2" type="cond" truecount="2" falsecount="0"/>
        <line num="172" count="1" type="stmt"/>
        <line num="176" count="1" type="stmt"/>
        <line num="178" count="1" type="cond" truecount="1" falsecount="1"/>
        <line num="179" count="0" type="stmt"/>
        <line num="183" count="1" type="stmt"/>
        <line num="190" count="1" type="stmt"/>
        <line num="198" count="1" type="stmt"/>
        <line num="202" count="1" type="cond" truecount="1" falsecount="1"/>
        <line num="203" count="0" type="stmt"/>
        <line num="207" count="1" type="stmt"/>
        <line num="212" count="0" type="stmt"/>
        <line num="217" count="1" type="stmt"/>
      </file>
      <file name="ConceptService.ts" path="/Users/dako/Documents/200-MyProject/BookAction/BookAction_BackEnd/src/services/ConceptService.ts">
        <metrics statements="50" coveredstatements="37" conditionals="31" coveredconditionals="20" methods="11" coveredmethods="9"/>
        <line num="17" count="5" type="stmt"/>
        <line num="25" count="4" type="cond" truecount="3" falsecount="1"/>
        <line num="28" count="2" type="stmt"/>
        <line num="31" count="2" type="cond" truecount="4" falsecount="0"/>
        <line num="32" count="1" type="stmt"/>
        <line num="35" count="1" type="stmt"/>
        <line num="38" count="1" type="stmt"/>
        <line num="39" count="1" type="cond" truecount="1" falsecount="1"/>
        <line num="44" count="0" type="stmt"/>
        <line num="46" count="1" type="stmt"/>
        <line num="49" count="1" type="stmt"/>
        <line num="50" count="1" type="cond" truecount="3" falsecount="1"/>
        <line num="51" count="0" type="stmt"/>
        <line num="53" count="1" type="stmt"/>
        <line num="56" count="0" type="stmt"/>
        <line num="61" count="2" type="stmt"/>
        <line num="62" count="1" type="stmt"/>
        <line num="64" count="1" type="stmt"/>
        <line num="80" count="1" type="stmt"/>
        <line num="85" count="1" type="stmt"/>
        <line num="87" count="1" type="stmt"/>
        <line num="88" count="1" type="stmt"/>
        <line num="89" count="2" type="stmt"/>
        <line num="100" count="1" type="stmt"/>
        <line num="104" count="1" type="stmt"/>
        <line num="106" count="1" type="stmt"/>
        <line num="107" count="1" type="stmt"/>
        <line num="111" count="1" type="stmt"/>
        <line num="122" count="12" type="cond" truecount="1" falsecount="1"/>
        <line num="123" count="0" type="stmt"/>
        <line num="127" count="12" type="stmt"/>
        <line num="129" count="12" type="cond" truecount="1" falsecount="1"/>
        <line num="130" count="0" type="stmt"/>
        <line num="133" count="12" type="stmt"/>
        <line num="136" count="12" type="stmt"/>
        <line num="143" count="12" type="stmt"/>
        <line num="149" count="12" type="stmt"/>
        <line num="158" count="12" type="stmt"/>
        <line num="166" count="12" type="cond" truecount="1" falsecount="1"/>
        <line num="167" count="12" type="stmt"/>
        <line num="168" count="12" type="cond" truecount="2" falsecount="0"/>
        <line num="169" count="12" type="stmt"/>
        <line num="170" count="0" type="cond" truecount="0" falsecount="2"/>
        <line num="172" count="0" type="stmt"/>
        <line num="173" count="0" type="stmt"/>
        <line num="177" count="0" type="stmt"/>
        <line num="181" count="0" type="cond" truecount="0" falsecount="2"/>
        <line num="182" count="0" type="stmt"/>
        <line num="184" count="0" type="stmt"/>
        <line num="186" count="0" type="stmt"/>
      </file>
      <file name="MedalService.ts" path="/Users/dako/Documents/200-MyProject/BookAction/BookAction_BackEnd/src/services/MedalService.ts">
        <metrics statements="17" coveredstatements="17" conditionals="8" coveredconditionals="5" methods="5" coveredmethods="5"/>
        <line num="13" count="5" type="stmt"/>
        <line num="24" count="8" type="stmt"/>
        <line num="30" count="8" type="stmt"/>
        <line num="33" count="8" type="stmt"/>
        <line num="41" count="8" type="stmt"/>
        <line num="53" count="8" type="stmt"/>
        <line num="54" count="8" type="cond" truecount="1" falsecount="1"/>
        <line num="57" count="8" type="stmt"/>
        <line num="58" count="8" type="cond" truecount="1" falsecount="1"/>
        <line num="61" count="8" type="stmt"/>
        <line num="67" count="8" type="cond" truecount="2" falsecount="0"/>
        <line num="70" count="3" type="stmt"/>
        <line num="75" count="3" type="cond" truecount="1" falsecount="1"/>
        <line num="78" count="8" type="stmt"/>
        <line num="81" count="3" type="stmt"/>
        <line num="83" count="3" type="stmt"/>
        <line num="95" count="7" type="stmt"/>
      </file>
      <file name="ModuleService.ts" path="/Users/dako/Documents/200-MyProject/BookAction/BookAction_BackEnd/src/services/ModuleService.ts">
        <metrics statements="20" coveredstatements="19" conditionals="17" coveredconditionals="13" methods="7" coveredmethods="7"/>
        <line num="22" count="5" type="stmt"/>
        <line num="33" count="2" type="stmt"/>
        <line num="36" count="2" type="cond" truecount="4" falsecount="0"/>
        <line num="37" count="1" type="stmt"/>
        <line num="41" count="1" type="stmt"/>
        <line num="49" count="1" type="stmt"/>
        <line num="60" count="1" type="stmt"/>
        <line num="62" count="1" type="cond" truecount="4" falsecount="1"/>
        <line num="63" count="0" type="stmt"/>
        <line num="68" count="1" type="stmt"/>
        <line num="69" count="2" type="stmt"/>
        <line num="82" count="4" type="stmt"/>
        <line num="90" count="1" type="stmt"/>
        <line num="104" count="2" type="stmt"/>
        <line num="109" count="2" type="cond" truecount="2" falsecount="0"/>
        <line num="110" count="1" type="stmt"/>
        <line num="113" count="1" type="stmt"/>
        <line num="120" count="1" type="stmt"/>
        <line num="136" count="1" type="stmt"/>
        <line num="143" count="1" type="stmt"/>
      </file>
      <file name="SeedService.ts" path="/Users/dako/Documents/200-MyProject/BookAction/BookAction_BackEnd/src/services/SeedService.ts">
        <metrics statements="2" coveredstatements="1" conditionals="0" coveredconditionals="0" methods="2" coveredmethods="1"/>
        <line num="8" count="5" type="stmt"/>
        <line num="12" count="0" type="stmt"/>
      </file>
      <file name="UserProgressService.ts" path="/Users/dako/Documents/200-MyProject/BookAction/BookAction_BackEnd/src/services/UserProgressService.ts">
        <metrics statements="8" coveredstatements="7" conditionals="4" coveredconditionals="2" methods="2" coveredmethods="2"/>
        <line num="13" count="5" type="stmt"/>
        <line num="14" count="5" type="stmt"/>
        <line num="19" count="8" type="cond" truecount="1" falsecount="1"/>
        <line num="20" count="0" type="stmt"/>
        <line num="24" count="8" type="stmt"/>
        <line num="27" count="8" type="cond" truecount="1" falsecount="1"/>
        <line num="28" count="8" type="stmt"/>
        <line num="31" count="8" type="stmt"/>
      </file>
    </package>
    <package name="src.utils">
      <metrics statements="6" coveredstatements="6" conditionals="2" coveredconditionals="0" methods="2" coveredmethods="2"/>
      <file name="errors.ts" path="/Users/dako/Documents/200-MyProject/BookAction/BookAction_BackEnd/src/utils/errors.ts">
        <metrics statements="6" coveredstatements="6" conditionals="2" coveredconditionals="0" methods="2" coveredmethods="2"/>
        <line num="3" count="2" type="stmt"/>
        <line num="4" count="2" type="cond" truecount="0" falsecount="1"/>
        <line num="6" count="2" type="stmt"/>
        <line num="7" count="2" type="stmt"/>
        <line num="13" count="2" type="stmt"/>
        <line num="14" count="2" type="stmt"/>
      </file>
    </package>
    <package name="src.validation">
      <metrics statements="3" coveredstatements="3" conditionals="0" coveredconditionals="0" methods="0" coveredmethods="0"/>
      <file name="authValidation.ts" path="/Users/dako/Documents/200-MyProject/BookAction/BookAction_BackEnd/src/validation/authValidation.ts">
        <metrics statements="3" coveredstatements="3" conditionals="0" coveredconditionals="0" methods="0" coveredmethods="0"/>
        <line num="3" count="5" type="stmt"/>
        <line num="16" count="5" type="stmt"/>
        <line num="21" count="5" type="stmt"/>
      </file>
    </package>
  </project>
</coverage>
