{"/Users/dako/Documents/200-MyProject/BookAction/BookAction_BackEnd/src/app.ts": {"path":"/Users/dako/Documents/200-MyProject/BookAction/BookAction_BackEnd/src/app.ts","statementMap":{"0":{"start":{"line":46,"column":21},"end":{"line":46,"column":27}},"1":{"start":{"line":50,"column":17},"end":{"line":50,"column":49}},"2":{"start":{"line":51,"column":21},"end":{"line":51,"column":61}},"3":{"start":{"line":53,"column":20},"end":{"line":53,"column":55}},"4":{"start":{"line":54,"column":25},"end":{"line":54,"column":65}},"5":{"start":{"line":56,"column":19},"end":{"line":56,"column":53}},"6":{"start":{"line":58,"column":18},"end":{"line":58,"column":51}},"7":{"start":{"line":61,"column":20},"end":{"line":61,"column":59}},"8":{"start":{"line":62,"column":23},"end":{"line":62,"column":54}},"9":{"start":{"line":64,"column":21},"end":{"line":64,"column":48}},"10":{"start":{"line":65,"column":28},"end":{"line":65,"column":83}},"11":{"start":{"line":66,"column":22},"end":{"line":66,"column":51}},"12":{"start":{"line":67,"column":20},"end":{"line":67,"column":49}},"13":{"start":{"line":70,"column":23},"end":{"line":70,"column":54}},"14":{"start":{"line":71,"column":26},"end":{"line":73,"column":null}},"15":{"start":{"line":75,"column":25},"end":{"line":75,"column":60}},"16":{"start":{"line":76,"column":23},"end":{"line":76,"column":54}},"17":{"start":{"line":77,"column":24},"end":{"line":77,"column":57}},"18":{"start":{"line":81,"column":12},"end":{"line":81,"column":21}},"19":{"start":{"line":84,"column":0},"end":{"line":98,"column":2}},"20":{"start":{"line":99,"column":0},"end":{"line":99,"column":24}},"21":{"start":{"line":100,"column":0},"end":{"line":100,"column":24}},"22":{"start":{"line":101,"column":0},"end":{"line":101,"column":79}},"23":{"start":{"line":106,"column":0},"end":{"line":106,"column":62}},"24":{"start":{"line":107,"column":0},"end":{"line":107,"column":65}},"25":{"start":{"line":108,"column":0},"end":{"line":108,"column":55}},"26":{"start":{"line":109,"column":0},"end":{"line":109,"column":56}},"27":{"start":{"line":110,"column":0},"end":{"line":110,"column":59}},"28":{"start":{"line":113,"column":0},"end":{"line":113,"column":22}}},"fnMap":{},"branchMap":{},"s":{"0":5,"1":5,"2":5,"3":5,"4":5,"5":5,"6":5,"7":5,"8":5,"9":5,"10":5,"11":5,"12":5,"13":5,"14":5,"15":5,"16":5,"17":5,"18":5,"19":5,"20":5,"21":5,"22":5,"23":5,"24":5,"25":5,"26":5,"27":5,"28":5},"f":{},"b":{}}
,"/Users/dako/Documents/200-MyProject/BookAction/BookAction_BackEnd/src/constants/medalThresholds.ts": {"path":"/Users/dako/Documents/200-MyProject/BookAction/BookAction_BackEnd/src/constants/medalThresholds.ts","statementMap":{"0":{"start":{"line":6,"column":32},"end":{"line":10,"column":11}},"1":{"start":{"line":22,"column":2},"end":{"line":22,"column":55}},"2":{"start":{"line":22,"column":41},"end":{"line":22,"column":55}},"3":{"start":{"line":23,"column":2},"end":{"line":23,"column":59}},"4":{"start":{"line":23,"column":43},"end":{"line":23,"column":59}},"5":{"start":{"line":24,"column":2},"end":{"line":24,"column":59}},"6":{"start":{"line":24,"column":43},"end":{"line":24,"column":59}},"7":{"start":{"line":25,"column":2},"end":{"line":25,"column":16}}},"fnMap":{"0":{"name":"calculateMedalTier","decl":{"start":{"line":21,"column":16},"end":{"line":21,"column":34}},"loc":{"start":{"line":21,"column":51},"end":{"line":26,"column":1}}}},"branchMap":{"0":{"loc":{"start":{"line":22,"column":2},"end":{"line":22,"column":55}},"type":"if","locations":[{"start":{"line":22,"column":2},"end":{"line":22,"column":55}},{"start":{},"end":{}}]},"1":{"loc":{"start":{"line":23,"column":2},"end":{"line":23,"column":59}},"type":"if","locations":[{"start":{"line":23,"column":2},"end":{"line":23,"column":59}},{"start":{},"end":{}}]},"2":{"loc":{"start":{"line":24,"column":2},"end":{"line":24,"column":59}},"type":"if","locations":[{"start":{"line":24,"column":2},"end":{"line":24,"column":59}},{"start":{},"end":{}}]}},"s":{"0":6,"1":23,"2":9,"3":14,"4":5,"5":9,"6":5,"7":4},"f":{"0":23},"b":{"0":[9,14],"1":[5,9],"2":[5,4]}}
,"/Users/dako/Documents/200-MyProject/BookAction/BookAction_BackEnd/src/constants/responseTypes.ts": {"path":"/Users/dako/Documents/200-MyProject/BookAction/BookAction_BackEnd/src/constants/responseTypes.ts","statementMap":{"0":{"start":{"line":4,"column":30},"end":{"line":8,"column":11}}},"fnMap":{},"branchMap":{},"s":{"0":5},"f":{},"b":{}}
,"/Users/dako/Documents/200-MyProject/BookAction/BookAction_BackEnd/src/controller/AuthController.ts": {"path":"/Users/dako/Documents/200-MyProject/BookAction/BookAction_BackEnd/src/controller/AuthController.ts","statementMap":{"0":{"start":{"line":20,"column":4},"end":{"line":20,"column":35}},"1":{"start":{"line":25,"column":4},"end":{"line":32,"column":6}},"2":{"start":{"line":36,"column":4},"end":{"line":85,"column":5}},"3":{"start":{"line":38,"column":22},"end":{"line":38,"column":52}},"4":{"start":{"line":42,"column":8},"end":{"line":42,"column":48}},"5":{"start":{"line":45,"column":22},"end":{"line":45,"column":48}},"6":{"start":{"line":48,"column":6},"end":{"line":54,"column":9}},"7":{"start":{"line":57,"column":6},"end":{"line":64,"column":9}},"8":{"start":{"line":66,"column":6},"end":{"line":66,"column":50}},"9":{"start":{"line":68,"column":6},"end":{"line":78,"column":7}},"10":{"start":{"line":69,"column":8},"end":{"line":76,"column":11}},"11":{"start":{"line":72,"column":43},"end":{"line":75,"column":12}},"12":{"start":{"line":77,"column":8},"end":{"line":77,"column":15}},"13":{"start":{"line":81,"column":6},"end":{"line":84,"column":9}},"14":{"start":{"line":90,"column":4},"end":{"line":150,"column":5}},"15":{"start":{"line":92,"column":24},"end":{"line":92,"column":51}},"16":{"start":{"line":96,"column":8},"end":{"line":99,"column":10}},"17":{"start":{"line":102,"column":22},"end":{"line":102,"column":50}},"18":{"start":{"line":105,"column":6},"end":{"line":111,"column":9}},"19":{"start":{"line":114,"column":6},"end":{"line":121,"column":9}},"20":{"start":{"line":123,"column":6},"end":{"line":123,"column":43}},"21":{"start":{"line":125,"column":6},"end":{"line":135,"column":7}},"22":{"start":{"line":126,"column":8},"end":{"line":133,"column":11}},"23":{"start":{"line":129,"column":43},"end":{"line":132,"column":12}},"24":{"start":{"line":134,"column":8},"end":{"line":134,"column":15}},"25":{"start":{"line":137,"column":6},"end":{"line":143,"column":7}},"26":{"start":{"line":138,"column":8},"end":{"line":141,"column":11}},"27":{"start":{"line":142,"column":8},"end":{"line":142,"column":15}},"28":{"start":{"line":146,"column":6},"end":{"line":149,"column":9}},"29":{"start":{"line":155,"column":4},"end":{"line":186,"column":5}},"30":{"start":{"line":157,"column":27},"end":{"line":157,"column":77}},"31":{"start":{"line":159,"column":6},"end":{"line":164,"column":7}},"32":{"start":{"line":160,"column":8},"end":{"line":162,"column":71}},"33":{"start":{"line":163,"column":8},"end":{"line":163,"column":15}},"34":{"start":{"line":167,"column":29},"end":{"line":168,"column":null}},"35":{"start":{"line":172,"column":6},"end":{"line":178,"column":9}},"36":{"start":{"line":180,"column":6},"end":{"line":180,"column":51}},"37":{"start":{"line":182,"column":6},"end":{"line":185,"column":9}},"38":{"start":{"line":191,"column":4},"end":{"line":214,"column":5}},"39":{"start":{"line":193,"column":27},"end":{"line":193,"column":52}},"40":{"start":{"line":194,"column":6},"end":{"line":196,"column":7}},"41":{"start":{"line":195,"column":8},"end":{"line":195,"column":52}},"42":{"start":{"line":199,"column":6},"end":{"line":199,"column":38}},"43":{"start":{"line":201,"column":6},"end":{"line":204,"column":9}},"44":{"start":{"line":206,"column":6},"end":{"line":206,"column":44}},"45":{"start":{"line":209,"column":6},"end":{"line":209,"column":38}},"46":{"start":{"line":210,"column":6},"end":{"line":213,"column":9}},"47":{"start":{"line":220,"column":4},"end":{"line":261,"column":5}},"48":{"start":{"line":223,"column":21},"end":{"line":223,"column":64}},"49":{"start":{"line":224,"column":6},"end":{"line":230,"column":7}},"50":{"start":{"line":225,"column":8},"end":{"line":228,"column":11}},"51":{"start":{"line":229,"column":8},"end":{"line":229,"column":15}},"52":{"start":{"line":233,"column":19},"end":{"line":233,"column":61}},"53":{"start":{"line":236,"column":6},"end":{"line":242,"column":7}},"54":{"start":{"line":237,"column":8},"end":{"line":240,"column":11}},"55":{"start":{"line":241,"column":8},"end":{"line":241,"column":15}},"56":{"start":{"line":245,"column":22},"end":{"line":245,"column":45}},"57":{"start":{"line":248,"column":6},"end":{"line":253,"column":9}},"58":{"start":{"line":255,"column":6},"end":{"line":255,"column":54}},"59":{"start":{"line":257,"column":6},"end":{"line":260,"column":9}}},"fnMap":{"0":{"name":"(anonymous_0)","decl":{"start":{"line":19,"column":2},"end":{"line":19,"column":14}},"loc":{"start":{"line":19,"column":38},"end":{"line":21,"column":3}}},"1":{"name":"(anonymous_1)","decl":{"start":{"line":24,"column":10},"end":{"line":24,"column":22}},"loc":{"start":{"line":24,"column":33},"end":{"line":33,"column":3}}},"2":{"name":"(anonymous_2)","decl":{"start":{"line":35,"column":2},"end":{"line":35,"column":7}},"loc":{"start":{"line":35,"column":44},"end":{"line":86,"column":3}}},"3":{"name":"(anonymous_3)","decl":{"start":{"line":72,"column":35},"end":{"line":72,"column":36}},"loc":{"start":{"line":72,"column":43},"end":{"line":75,"column":12}}},"4":{"name":"(anonymous_4)","decl":{"start":{"line":89,"column":2},"end":{"line":89,"column":7}},"loc":{"start":{"line":89,"column":41},"end":{"line":151,"column":3}}},"5":{"name":"(anonymous_5)","decl":{"start":{"line":129,"column":35},"end":{"line":129,"column":36}},"loc":{"start":{"line":129,"column":43},"end":{"line":132,"column":12}}},"6":{"name":"(anonymous_6)","decl":{"start":{"line":154,"column":2},"end":{"line":154,"column":7}},"loc":{"start":{"line":154,"column":48},"end":{"line":187,"column":3}}},"7":{"name":"(anonymous_7)","decl":{"start":{"line":190,"column":2},"end":{"line":190,"column":7}},"loc":{"start":{"line":190,"column":42},"end":{"line":215,"column":3}}},"8":{"name":"(anonymous_8)","decl":{"start":{"line":219,"column":2},"end":{"line":219,"column":7}},"loc":{"start":{"line":219,"column":50},"end":{"line":262,"column":3}}}},"branchMap":{"0":{"loc":{"start":{"line":53,"column":19},"end":{"line":53,"column":56}},"type":"binary-expr","locations":[{"start":{"line":53,"column":19},"end":{"line":53,"column":49}},{"start":{"line":53,"column":53},"end":{"line":53,"column":56}}]},"1":{"loc":{"start":{"line":68,"column":6},"end":{"line":78,"column":7}},"type":"if","locations":[{"start":{"line":68,"column":6},"end":{"line":78,"column":7}},{"start":{},"end":{}}]},"2":{"loc":{"start":{"line":110,"column":19},"end":{"line":110,"column":56}},"type":"binary-expr","locations":[{"start":{"line":110,"column":19},"end":{"line":110,"column":49}},{"start":{"line":110,"column":53},"end":{"line":110,"column":56}}]},"3":{"loc":{"start":{"line":125,"column":6},"end":{"line":135,"column":7}},"type":"if","locations":[{"start":{"line":125,"column":6},"end":{"line":135,"column":7}},{"start":{},"end":{}}]},"4":{"loc":{"start":{"line":137,"column":6},"end":{"line":143,"column":7}},"type":"if","locations":[{"start":{"line":137,"column":6},"end":{"line":143,"column":7}},{"start":{},"end":{}}]},"5":{"loc":{"start":{"line":157,"column":27},"end":{"line":157,"column":77}},"type":"binary-expr","locations":[{"start":{"line":157,"column":27},"end":{"line":157,"column":52}},{"start":{"line":157,"column":56},"end":{"line":157,"column":77}}]},"6":{"loc":{"start":{"line":159,"column":6},"end":{"line":164,"column":7}},"type":"if","locations":[{"start":{"line":159,"column":6},"end":{"line":164,"column":7}},{"start":{},"end":{}}]},"7":{"loc":{"start":{"line":194,"column":6},"end":{"line":196,"column":7}},"type":"if","locations":[{"start":{"line":194,"column":6},"end":{"line":196,"column":7}},{"start":{},"end":{}}]},"8":{"loc":{"start":{"line":223,"column":31},"end":{"line":223,"column":63}},"type":"binary-expr","locations":[{"start":{"line":223,"column":31},"end":{"line":223,"column":55}},{"start":{"line":223,"column":59},"end":{"line":223,"column":63}}]},"9":{"loc":{"start":{"line":224,"column":6},"end":{"line":230,"column":7}},"type":"if","locations":[{"start":{"line":224,"column":6},"end":{"line":230,"column":7}},{"start":{},"end":{}}]},"10":{"loc":{"start":{"line":236,"column":6},"end":{"line":242,"column":7}},"type":"if","locations":[{"start":{"line":236,"column":6},"end":{"line":242,"column":7}},{"start":{},"end":{}}]}},"s":{"0":5,"1":12,"2":4,"3":4,"4":2,"5":1,"6":1,"7":1,"8":3,"9":3,"10":2,"11":2,"12":2,"13":1,"14":12,"15":12,"16":12,"17":10,"18":10,"19":10,"20":2,"21":2,"22":0,"23":0,"24":0,"25":2,"26":2,"27":2,"28":0,"29":2,"30":2,"31":2,"32":0,"33":0,"34":2,"35":1,"36":1,"37":1,"38":1,"39":1,"40":1,"41":1,"42":1,"43":1,"44":0,"45":0,"46":0,"47":1,"48":1,"49":1,"50":0,"51":0,"52":1,"53":1,"54":0,"55":0,"56":1,"57":1,"58":0,"59":0},"f":{"0":5,"1":12,"2":4,"3":2,"4":12,"5":0,"6":2,"7":1,"8":1},"b":{"0":[1,0],"1":[2,1],"2":[10,0],"3":[0,2],"4":[2,0],"5":[2,1],"6":[0,2],"7":[1,0],"8":[1,0],"9":[0,1],"10":[0,1]}}
,"/Users/dako/Documents/200-MyProject/BookAction/BookAction_BackEnd/src/controller/ConceptController.ts": {"path":"/Users/dako/Documents/200-MyProject/BookAction/BookAction_BackEnd/src/controller/ConceptController.ts","statementMap":{"0":{"start":{"line":14,"column":4},"end":{"line":14,"column":41}},"1":{"start":{"line":15,"column":4},"end":{"line":15,"column":51}},"2":{"start":{"line":19,"column":22},"end":{"line":19,"column":58}},"3":{"start":{"line":21,"column":4},"end":{"line":24,"column":5}},"4":{"start":{"line":22,"column":6},"end":{"line":22,"column":60}},"5":{"start":{"line":23,"column":6},"end":{"line":23,"column":23}},"6":{"start":{"line":25,"column":4},"end":{"line":25,"column":21}},"7":{"start":{"line":29,"column":4},"end":{"line":38,"column":5}},"8":{"start":{"line":30,"column":24},"end":{"line":30,"column":53}},"9":{"start":{"line":31,"column":6},"end":{"line":31,"column":29}},"10":{"start":{"line":31,"column":22},"end":{"line":31,"column":29}},"11":{"start":{"line":33,"column":23},"end":{"line":33,"column":76}},"12":{"start":{"line":34,"column":6},"end":{"line":34,"column":25}},"13":{"start":{"line":36,"column":6},"end":{"line":36,"column":59}},"14":{"start":{"line":37,"column":6},"end":{"line":37,"column":53}},"15":{"start":{"line":42,"column":4},"end":{"line":51,"column":5}},"16":{"start":{"line":43,"column":24},"end":{"line":43,"column":53}},"17":{"start":{"line":44,"column":6},"end":{"line":44,"column":29}},"18":{"start":{"line":44,"column":22},"end":{"line":44,"column":29}},"19":{"start":{"line":46,"column":22},"end":{"line":46,"column":74}},"20":{"start":{"line":47,"column":6},"end":{"line":47,"column":24}},"21":{"start":{"line":49,"column":6},"end":{"line":49,"column":58}},"22":{"start":{"line":50,"column":6},"end":{"line":50,"column":53}},"23":{"start":{"line":55,"column":4},"end":{"line":64,"column":5}},"24":{"start":{"line":56,"column":24},"end":{"line":56,"column":53}},"25":{"start":{"line":57,"column":6},"end":{"line":57,"column":29}},"26":{"start":{"line":57,"column":22},"end":{"line":57,"column":29}},"27":{"start":{"line":59,"column":22},"end":{"line":59,"column":74}},"28":{"start":{"line":60,"column":6},"end":{"line":60,"column":24}},"29":{"start":{"line":62,"column":6},"end":{"line":62,"column":58}},"30":{"start":{"line":63,"column":6},"end":{"line":63,"column":53}},"31":{"start":{"line":68,"column":4},"end":{"line":94,"column":5}},"32":{"start":{"line":69,"column":21},"end":{"line":69,"column":54}},"33":{"start":{"line":71,"column":6},"end":{"line":74,"column":7}},"34":{"start":{"line":72,"column":8},"end":{"line":72,"column":59}},"35":{"start":{"line":73,"column":8},"end":{"line":73,"column":15}},"36":{"start":{"line":76,"column":69},"end":{"line":76,"column":77}},"37":{"start":{"line":77,"column":6},"end":{"line":80,"column":7}},"38":{"start":{"line":78,"column":8},"end":{"line":78,"column":69}},"39":{"start":{"line":79,"column":8},"end":{"line":79,"column":15}},"40":{"start":{"line":82,"column":28},"end":{"line":87,"column":null}},"41":{"start":{"line":90,"column":6},"end":{"line":90,"column":42}},"42":{"start":{"line":92,"column":6},"end":{"line":92,"column":53}},"43":{"start":{"line":93,"column":6},"end":{"line":93,"column":53}},"44":{"start":{"line":99,"column":4},"end":{"line":120,"column":5}},"45":{"start":{"line":100,"column":24},"end":{"line":100,"column":53}},"46":{"start":{"line":101,"column":6},"end":{"line":101,"column":29}},"47":{"start":{"line":101,"column":22},"end":{"line":101,"column":29}},"48":{"start":{"line":103,"column":49},"end":{"line":103,"column":57}},"49":{"start":{"line":105,"column":6},"end":{"line":108,"column":7}},"50":{"start":{"line":106,"column":8},"end":{"line":106,"column":73}},"51":{"start":{"line":107,"column":8},"end":{"line":107,"column":15}},"52":{"start":{"line":110,"column":21},"end":{"line":114,"column":8}},"53":{"start":{"line":116,"column":6},"end":{"line":116,"column":23}},"54":{"start":{"line":118,"column":6},"end":{"line":118,"column":52}},"55":{"start":{"line":119,"column":6},"end":{"line":119,"column":53}}},"fnMap":{"0":{"name":"(anonymous_0)","decl":{"start":{"line":10,"column":2},"end":{"line":10,"column":null}},"loc":{"start":{"line":12,"column":44},"end":{"line":16,"column":3}}},"1":{"name":"(anonymous_1)","decl":{"start":{"line":18,"column":10},"end":{"line":18,"column":24}},"loc":{"start":{"line":18,"column":52},"end":{"line":26,"column":3}}},"2":{"name":"(anonymous_2)","decl":{"start":{"line":28,"column":2},"end":{"line":28,"column":7}},"loc":{"start":{"line":28,"column":54},"end":{"line":39,"column":3}}},"3":{"name":"(anonymous_3)","decl":{"start":{"line":41,"column":2},"end":{"line":41,"column":7}},"loc":{"start":{"line":41,"column":53},"end":{"line":52,"column":3}}},"4":{"name":"(anonymous_4)","decl":{"start":{"line":54,"column":2},"end":{"line":54,"column":7}},"loc":{"start":{"line":54,"column":53},"end":{"line":65,"column":3}}},"5":{"name":"(anonymous_5)","decl":{"start":{"line":67,"column":2},"end":{"line":67,"column":7}},"loc":{"start":{"line":67,"column":51},"end":{"line":95,"column":3}}},"6":{"name":"(anonymous_6)","decl":{"start":{"line":98,"column":2},"end":{"line":98,"column":7}},"loc":{"start":{"line":98,"column":57},"end":{"line":121,"column":3}}}},"branchMap":{"0":{"loc":{"start":{"line":19,"column":31},"end":{"line":19,"column":57}},"type":"binary-expr","locations":[{"start":{"line":19,"column":31},"end":{"line":19,"column":51}},{"start":{"line":19,"column":55},"end":{"line":19,"column":57}}]},"1":{"loc":{"start":{"line":21,"column":4},"end":{"line":24,"column":5}},"type":"if","locations":[{"start":{"line":21,"column":4},"end":{"line":24,"column":5}},{"start":{},"end":{}}]},"2":{"loc":{"start":{"line":31,"column":6},"end":{"line":31,"column":29}},"type":"if","locations":[{"start":{"line":31,"column":6},"end":{"line":31,"column":29}},{"start":{},"end":{}}]},"3":{"loc":{"start":{"line":44,"column":6},"end":{"line":44,"column":29}},"type":"if","locations":[{"start":{"line":44,"column":6},"end":{"line":44,"column":29}},{"start":{},"end":{}}]},"4":{"loc":{"start":{"line":57,"column":6},"end":{"line":57,"column":29}},"type":"if","locations":[{"start":{"line":57,"column":6},"end":{"line":57,"column":29}},{"start":{},"end":{}}]},"5":{"loc":{"start":{"line":69,"column":30},"end":{"line":69,"column":53}},"type":"binary-expr","locations":[{"start":{"line":69,"column":30},"end":{"line":69,"column":47}},{"start":{"line":69,"column":51},"end":{"line":69,"column":53}}]},"6":{"loc":{"start":{"line":71,"column":6},"end":{"line":74,"column":7}},"type":"if","locations":[{"start":{"line":71,"column":6},"end":{"line":74,"column":7}},{"start":{},"end":{}}]},"7":{"loc":{"start":{"line":77,"column":6},"end":{"line":80,"column":7}},"type":"if","locations":[{"start":{"line":77,"column":6},"end":{"line":80,"column":7}},{"start":{},"end":{}}]},"8":{"loc":{"start":{"line":77,"column":10},"end":{"line":77,"column":56}},"type":"binary-expr","locations":[{"start":{"line":77,"column":10},"end":{"line":77,"column":23}},{"start":{"line":77,"column":27},"end":{"line":77,"column":45}},{"start":{"line":77,"column":49},"end":{"line":77,"column":56}}]},"9":{"loc":{"start":{"line":101,"column":6},"end":{"line":101,"column":29}},"type":"if","locations":[{"start":{"line":101,"column":6},"end":{"line":101,"column":29}},{"start":{},"end":{}}]},"10":{"loc":{"start":{"line":105,"column":6},"end":{"line":108,"column":7}},"type":"if","locations":[{"start":{"line":105,"column":6},"end":{"line":108,"column":7}},{"start":{},"end":{}}]},"11":{"loc":{"start":{"line":105,"column":10},"end":{"line":105,"column":46}},"type":"binary-expr","locations":[{"start":{"line":105,"column":10},"end":{"line":105,"column":17}},{"start":{"line":105,"column":21},"end":{"line":105,"column":46}}]}},"s":{"0":5,"1":5,"2":16,"3":16,"4":3,"5":3,"6":13,"7":3,"8":3,"9":3,"10":1,"11":2,"12":1,"13":1,"14":1,"15":2,"16":2,"17":2,"18":1,"19":1,"20":1,"21":0,"22":0,"23":2,"24":2,"25":2,"26":1,"27":1,"28":1,"29":0,"30":0,"31":14,"32":14,"33":14,"34":1,"35":1,"36":13,"37":13,"38":1,"39":1,"40":12,"41":12,"42":0,"43":0,"44":9,"45":9,"46":9,"47":0,"48":9,"49":9,"50":1,"51":1,"52":8,"53":8,"54":0,"55":0},"f":{"0":5,"1":16,"2":3,"3":2,"4":2,"5":14,"6":9},"b":{"0":[16,0],"1":[3,13],"2":[1,2],"3":[1,1],"4":[1,1],"5":[14,0],"6":[1,13],"7":[1,12],"8":[13,13,12],"9":[0,9],"10":[1,8],"11":[9,8]}}
,"/Users/dako/Documents/200-MyProject/BookAction/BookAction_BackEnd/src/controller/MedalController.ts": {"path":"/Users/dako/Documents/200-MyProject/BookAction/BookAction_BackEnd/src/controller/MedalController.ts","statementMap":{"0":{"start":{"line":8,"column":4},"end":{"line":8,"column":37}},"1":{"start":{"line":17,"column":19},"end":{"line":17,"column":45}},"2":{"start":{"line":18,"column":20},"end":{"line":18,"column":71}},"3":{"start":{"line":19,"column":4},"end":{"line":19,"column":34}}},"fnMap":{"0":{"name":"(anonymous_0)","decl":{"start":{"line":7,"column":2},"end":{"line":7,"column":14}},"loc":{"start":{"line":7,"column":40},"end":{"line":9,"column":3}}},"1":{"name":"(anonymous_1)","decl":{"start":{"line":16,"column":2},"end":{"line":16,"column":7}},"loc":{"start":{"line":16,"column":45},"end":{"line":20,"column":3}}}},"branchMap":{},"s":{"0":5,"1":7,"2":7,"3":7},"f":{"0":5,"1":7},"b":{}}
,"/Users/dako/Documents/200-MyProject/BookAction/BookAction_BackEnd/src/controller/ModuleController.ts": {"path":"/Users/dako/Documents/200-MyProject/BookAction/BookAction_BackEnd/src/controller/ModuleController.ts","statementMap":{"0":{"start":{"line":9,"column":4},"end":{"line":9,"column":39}},"1":{"start":{"line":13,"column":4},"end":{"line":31,"column":5}},"2":{"start":{"line":15,"column":23},"end":{"line":15,"column":58}},"3":{"start":{"line":18,"column":6},"end":{"line":21,"column":7}},"4":{"start":{"line":19,"column":8},"end":{"line":19,"column":61}},"5":{"start":{"line":20,"column":8},"end":{"line":20,"column":15}},"6":{"start":{"line":24,"column":20},"end":{"line":24,"column":69}},"7":{"start":{"line":27,"column":6},"end":{"line":27,"column":22}},"8":{"start":{"line":29,"column":6},"end":{"line":29,"column":51}},"9":{"start":{"line":30,"column":6},"end":{"line":30,"column":53}},"10":{"start":{"line":35,"column":4},"end":{"line":50,"column":5}},"11":{"start":{"line":36,"column":21},"end":{"line":36,"column":37}},"12":{"start":{"line":38,"column":6},"end":{"line":41,"column":7}},"13":{"start":{"line":39,"column":8},"end":{"line":39,"column":79}},"14":{"start":{"line":40,"column":8},"end":{"line":40,"column":15}},"15":{"start":{"line":43,"column":29},"end":{"line":44,"column":null}},"16":{"start":{"line":46,"column":6},"end":{"line":46,"column":31}},"17":{"start":{"line":48,"column":6},"end":{"line":48,"column":51}},"18":{"start":{"line":49,"column":6},"end":{"line":49,"column":53}},"19":{"start":{"line":54,"column":4},"end":{"line":67,"column":5}},"20":{"start":{"line":55,"column":23},"end":{"line":55,"column":58}},"21":{"start":{"line":57,"column":6},"end":{"line":60,"column":7}},"22":{"start":{"line":58,"column":8},"end":{"line":58,"column":61}},"23":{"start":{"line":59,"column":8},"end":{"line":59,"column":15}},"24":{"start":{"line":62,"column":25},"end":{"line":62,"column":79}},"25":{"start":{"line":63,"column":6},"end":{"line":63,"column":27}},"26":{"start":{"line":65,"column":6},"end":{"line":65,"column":56}},"27":{"start":{"line":66,"column":6},"end":{"line":66,"column":53}},"28":{"start":{"line":71,"column":4},"end":{"line":106,"column":5}},"29":{"start":{"line":73,"column":23},"end":{"line":73,"column":58}},"30":{"start":{"line":75,"column":6},"end":{"line":78,"column":7}},"31":{"start":{"line":76,"column":8},"end":{"line":76,"column":61}},"32":{"start":{"line":77,"column":8},"end":{"line":77,"column":15}},"33":{"start":{"line":81,"column":58},"end":{"line":81,"column":66}},"34":{"start":{"line":82,"column":6},"end":{"line":85,"column":7}},"35":{"start":{"line":83,"column":8},"end":{"line":83,"column":69}},"36":{"start":{"line":84,"column":8},"end":{"line":84,"column":15}},"37":{"start":{"line":88,"column":6},"end":{"line":93,"column":8}},"38":{"start":{"line":96,"column":6},"end":{"line":102,"column":9}},"39":{"start":{"line":104,"column":6},"end":{"line":104,"column":56}},"40":{"start":{"line":105,"column":6},"end":{"line":105,"column":53}}},"fnMap":{"0":{"name":"(anonymous_0)","decl":{"start":{"line":8,"column":2},"end":{"line":8,"column":14}},"loc":{"start":{"line":8,"column":42},"end":{"line":10,"column":3}}},"1":{"name":"(anonymous_1)","decl":{"start":{"line":12,"column":2},"end":{"line":12,"column":7}},"loc":{"start":{"line":12,"column":50},"end":{"line":32,"column":3}}},"2":{"name":"(anonymous_2)","decl":{"start":{"line":34,"column":2},"end":{"line":34,"column":7}},"loc":{"start":{"line":34,"column":54},"end":{"line":51,"column":3}}},"3":{"name":"(anonymous_3)","decl":{"start":{"line":53,"column":2},"end":{"line":53,"column":7}},"loc":{"start":{"line":53,"column":55},"end":{"line":68,"column":3}}},"4":{"name":"(anonymous_4)","decl":{"start":{"line":70,"column":2},"end":{"line":70,"column":7}},"loc":{"start":{"line":70,"column":56},"end":{"line":107,"column":3}}}},"branchMap":{"0":{"loc":{"start":{"line":15,"column":32},"end":{"line":15,"column":57}},"type":"binary-expr","locations":[{"start":{"line":15,"column":32},"end":{"line":15,"column":51}},{"start":{"line":15,"column":55},"end":{"line":15,"column":57}}]},"1":{"loc":{"start":{"line":18,"column":6},"end":{"line":21,"column":7}},"type":"if","locations":[{"start":{"line":18,"column":6},"end":{"line":21,"column":7}},{"start":{},"end":{}}]},"2":{"loc":{"start":{"line":38,"column":6},"end":{"line":41,"column":7}},"type":"if","locations":[{"start":{"line":38,"column":6},"end":{"line":41,"column":7}},{"start":{},"end":{}}]},"3":{"loc":{"start":{"line":55,"column":32},"end":{"line":55,"column":57}},"type":"binary-expr","locations":[{"start":{"line":55,"column":32},"end":{"line":55,"column":51}},{"start":{"line":55,"column":55},"end":{"line":55,"column":57}}]},"4":{"loc":{"start":{"line":57,"column":6},"end":{"line":60,"column":7}},"type":"if","locations":[{"start":{"line":57,"column":6},"end":{"line":60,"column":7}},{"start":{},"end":{}}]},"5":{"loc":{"start":{"line":73,"column":32},"end":{"line":73,"column":57}},"type":"binary-expr","locations":[{"start":{"line":73,"column":32},"end":{"line":73,"column":51}},{"start":{"line":73,"column":55},"end":{"line":73,"column":57}}]},"6":{"loc":{"start":{"line":75,"column":6},"end":{"line":78,"column":7}},"type":"if","locations":[{"start":{"line":75,"column":6},"end":{"line":78,"column":7}},{"start":{},"end":{}}]},"7":{"loc":{"start":{"line":82,"column":6},"end":{"line":85,"column":7}},"type":"if","locations":[{"start":{"line":82,"column":6},"end":{"line":85,"column":7}},{"start":{},"end":{}}]},"8":{"loc":{"start":{"line":82,"column":10},"end":{"line":82,"column":45}},"type":"binary-expr","locations":[{"start":{"line":82,"column":10},"end":{"line":82,"column":23}},{"start":{"line":82,"column":27},"end":{"line":82,"column":34}},{"start":{"line":82,"column":38},"end":{"line":82,"column":45}}]}},"s":{"0":5,"1":3,"2":3,"3":3,"4":1,"5":1,"6":2,"7":1,"8":1,"9":1,"10":1,"11":1,"12":1,"13":0,"14":0,"15":1,"16":1,"17":0,"18":0,"19":2,"20":2,"21":2,"22":0,"23":0,"24":2,"25":1,"26":1,"27":1,"28":2,"29":2,"30":2,"31":0,"32":0,"33":2,"34":2,"35":1,"36":1,"37":1,"38":1,"39":0,"40":0},"f":{"0":5,"1":3,"2":1,"3":2,"4":2},"b":{"0":[3,0],"1":[1,2],"2":[0,1],"3":[2,0],"4":[0,2],"5":[2,0],"6":[0,2],"7":[1,1],"8":[2,2,1]}}
,"/Users/dako/Documents/200-MyProject/BookAction/BookAction_BackEnd/src/controller/SeedController.ts": {"path":"/Users/dako/Documents/200-MyProject/BookAction/BookAction_BackEnd/src/controller/SeedController.ts","statementMap":{"0":{"start":{"line":8,"column":4},"end":{"line":8,"column":35}},"1":{"start":{"line":12,"column":4},"end":{"line":53,"column":5}},"2":{"start":{"line":13,"column":6},"end":{"line":18,"column":7}},"3":{"start":{"line":14,"column":8},"end":{"line":16,"column":11}},"4":{"start":{"line":17,"column":8},"end":{"line":17,"column":15}},"5":{"start":{"line":20,"column":30},"end":{"line":20,"column":61}},"6":{"start":{"line":21,"column":6},"end":{"line":24,"column":7}},"7":{"start":{"line":22,"column":8},"end":{"line":22,"column":69}},"8":{"start":{"line":23,"column":8},"end":{"line":23,"column":15}},"9":{"start":{"line":26,"column":26},"end":{"line":26,"column":69}},"10":{"start":{"line":27,"column":26},"end":{"line":27,"column":67}},"11":{"start":{"line":28,"column":28},"end":{"line":28,"column":54}},"12":{"start":{"line":30,"column":6},"end":{"line":33,"column":7}},"13":{"start":{"line":31,"column":8},"end":{"line":31,"column":69}},"14":{"start":{"line":32,"column":8},"end":{"line":32,"column":15}},"15":{"start":{"line":35,"column":21},"end":{"line":35,"column":50}},"16":{"start":{"line":37,"column":6},"end":{"line":49,"column":9}},"17":{"start":{"line":51,"column":6},"end":{"line":51,"column":51}},"18":{"start":{"line":52,"column":6},"end":{"line":52,"column":56}},"19":{"start":{"line":58,"column":2},"end":{"line":60,"column":3}},"20":{"start":{"line":59,"column":4},"end":{"line":59,"column":16}},"21":{"start":{"line":62,"column":26},"end":{"line":62,"column":43}},"22":{"start":{"line":63,"column":2},"end":{"line":65,"column":3}},"23":{"start":{"line":64,"column":4},"end":{"line":64,"column":16}},"24":{"start":{"line":67,"column":2},"end":{"line":67,"column":15}},"25":{"start":{"line":71,"column":2},"end":{"line":73,"column":3}},"26":{"start":{"line":72,"column":4},"end":{"line":72,"column":16}},"27":{"start":{"line":74,"column":2},"end":{"line":74,"column":49}}},"fnMap":{"0":{"name":"(anonymous_0)","decl":{"start":{"line":7,"column":2},"end":{"line":7,"column":14}},"loc":{"start":{"line":7,"column":38},"end":{"line":9,"column":3}}},"1":{"name":"(anonymous_1)","decl":{"start":{"line":11,"column":2},"end":{"line":11,"column":7}},"loc":{"start":{"line":11,"column":39},"end":{"line":54,"column":3}}},"2":{"name":"getBearerToken","decl":{"start":{"line":57,"column":9},"end":{"line":57,"column":23}},"loc":{"start":{"line":57,"column":39},"end":{"line":68,"column":1}}},"3":{"name":"getHeaderValue","decl":{"start":{"line":70,"column":9},"end":{"line":70,"column":23}},"loc":{"start":{"line":70,"column":60},"end":{"line":75,"column":1}}}},"branchMap":{"0":{"loc":{"start":{"line":13,"column":6},"end":{"line":18,"column":7}},"type":"if","locations":[{"start":{"line":13,"column":6},"end":{"line":18,"column":7}},{"start":{},"end":{}}]},"1":{"loc":{"start":{"line":21,"column":6},"end":{"line":24,"column":7}},"type":"if","locations":[{"start":{"line":21,"column":6},"end":{"line":24,"column":7}},{"start":{},"end":{}}]},"2":{"loc":{"start":{"line":28,"column":28},"end":{"line":28,"column":54}},"type":"binary-expr","locations":[{"start":{"line":28,"column":28},"end":{"line":28,"column":39}},{"start":{"line":28,"column":43},"end":{"line":28,"column":54}}]},"3":{"loc":{"start":{"line":30,"column":6},"end":{"line":33,"column":7}},"type":"if","locations":[{"start":{"line":30,"column":6},"end":{"line":33,"column":7}},{"start":{},"end":{}}]},"4":{"loc":{"start":{"line":30,"column":10},"end":{"line":30,"column":61}},"type":"binary-expr","locations":[{"start":{"line":30,"column":10},"end":{"line":30,"column":24}},{"start":{"line":30,"column":28},"end":{"line":30,"column":61}}]},"5":{"loc":{"start":{"line":58,"column":2},"end":{"line":60,"column":3}},"type":"if","locations":[{"start":{"line":58,"column":2},"end":{"line":60,"column":3}},{"start":{},"end":{}}]},"6":{"loc":{"start":{"line":63,"column":2},"end":{"line":65,"column":3}},"type":"if","locations":[{"start":{"line":63,"column":2},"end":{"line":65,"column":3}},{"start":{},"end":{}}]},"7":{"loc":{"start":{"line":63,"column":6},"end":{"line":63,"column":35}},"type":"binary-expr","locations":[{"start":{"line":63,"column":6},"end":{"line":63,"column":25}},{"start":{"line":63,"column":29},"end":{"line":63,"column":35}}]},"8":{"loc":{"start":{"line":71,"column":2},"end":{"line":73,"column":3}},"type":"if","locations":[{"start":{"line":71,"column":2},"end":{"line":73,"column":3}},{"start":{},"end":{}}]},"9":{"loc":{"start":{"line":74,"column":9},"end":{"line":74,"column":48}},"type":"cond-expr","locations":[{"start":{"line":74,"column":32},"end":{"line":74,"column":40}},{"start":{"line":74,"column":43},"end":{"line":74,"column":48}}]}},"s":{"0":5,"1":4,"2":4,"3":1,"4":1,"5":3,"6":3,"7":1,"8":1,"9":2,"10":2,"11":2,"12":2,"13":1,"14":1,"15":1,"16":1,"17":0,"18":0,"19":2,"20":1,"21":1,"22":1,"23":0,"24":1,"25":2,"26":1,"27":1},"f":{"0":5,"1":4,"2":2,"3":2},"b":{"0":[1,3],"1":[1,2],"2":[2,1],"3":[1,1],"4":[2,2],"5":[1,1],"6":[0,1],"7":[1,1],"8":[1,1],"9":[0,1]}}
,"/Users/dako/Documents/200-MyProject/BookAction/BookAction_BackEnd/src/lib/prisma.ts": {"path":"/Users/dako/Documents/200-MyProject/BookAction/BookAction_BackEnd/src/lib/prisma.ts","statementMap":{"0":{"start":{"line":6,"column":24},"end":{"line":6,"column":null}},"1":{"start":{"line":11,"column":13},"end":{"line":13,"column":2}},"2":{"start":{"line":16,"column":16},"end":{"line":16,"column":34}},"3":{"start":{"line":18,"column":22},"end":{"line":18,"column":77}},"4":{"start":{"line":20,"column":0},"end":{"line":22,"column":1}},"5":{"start":{"line":21,"column":2},"end":{"line":21,"column":34}}},"fnMap":{},"branchMap":{"0":{"loc":{"start":{"line":18,"column":22},"end":{"line":18,"column":77}},"type":"binary-expr","locations":[{"start":{"line":18,"column":22},"end":{"line":18,"column":44}},{"start":{"line":18,"column":48},"end":{"line":18,"column":77}}]},"1":{"loc":{"start":{"line":20,"column":0},"end":{"line":22,"column":1}},"type":"if","locations":[{"start":{"line":20,"column":0},"end":{"line":22,"column":1}},{"start":{},"end":{}}]}},"s":{"0":5,"1":5,"2":5,"3":5,"4":5,"5":5},"f":{},"b":{"0":[5,5],"1":[5,0]}}
,"/Users/dako/Documents/200-MyProject/BookAction/BookAction_BackEnd/src/middleware/authMiddleware.ts": {"path":"/Users/dako/Documents/200-MyProject/BookAction/BookAction_BackEnd/src/middleware/authMiddleware.ts","statementMap":{"0":{"start":{"line":23,"column":21},"end":{"line":23,"column":25}},"1":{"start":{"line":24,"column":2},"end":{"line":28,"column":3}},"2":{"start":{"line":25,"column":4},"end":{"line":25,"column":50}},"3":{"start":{"line":27,"column":4},"end":{"line":27,"column":56}},"4":{"start":{"line":30,"column":2},"end":{"line":74,"column":3}},"5":{"start":{"line":32,"column":23},"end":{"line":32,"column":48}},"6":{"start":{"line":34,"column":4},"end":{"line":40,"column":5}},"7":{"start":{"line":35,"column":6},"end":{"line":38,"column":9}},"8":{"start":{"line":39,"column":6},"end":{"line":39,"column":13}},"9":{"start":{"line":45,"column":28},"end":{"line":45,"column":49}},"10":{"start":{"line":48,"column":4},"end":{"line":54,"column":5}},"11":{"start":{"line":49,"column":6},"end":{"line":52,"column":9}},"12":{"start":{"line":53,"column":6},"end":{"line":53,"column":13}},"13":{"start":{"line":57,"column":20},"end":{"line":57,"column":65}},"14":{"start":{"line":60,"column":4},"end":{"line":60,"column":23}},"15":{"start":{"line":63,"column":4},"end":{"line":63,"column":11}},"16":{"start":{"line":65,"column":4},"end":{"line":65,"column":59}},"17":{"start":{"line":69,"column":4},"end":{"line":72,"column":7}},"18":{"start":{"line":73,"column":4},"end":{"line":73,"column":11}},"19":{"start":{"line":81,"column":2},"end":{"line":99,"column":4}},"20":{"start":{"line":82,"column":4},"end":{"line":88,"column":5}},"21":{"start":{"line":83,"column":6},"end":{"line":86,"column":9}},"22":{"start":{"line":87,"column":6},"end":{"line":87,"column":13}},"23":{"start":{"line":90,"column":4},"end":{"line":96,"column":5}},"24":{"start":{"line":91,"column":6},"end":{"line":94,"column":9}},"25":{"start":{"line":95,"column":6},"end":{"line":95,"column":13}},"26":{"start":{"line":98,"column":4},"end":{"line":98,"column":11}}},"fnMap":{"0":{"name":"authMiddleware","decl":{"start":{"line":18,"column":16},"end":{"line":18,"column":30}},"loc":{"start":{"line":21,"column":20},"end":{"line":75,"column":1}}},"1":{"name":"requireRole","decl":{"start":{"line":80,"column":16},"end":{"line":80,"column":27}},"loc":{"start":{"line":80,"column":46},"end":{"line":100,"column":1}}},"2":{"name":"(anonymous_2)","decl":{"start":{"line":81,"column":9},"end":{"line":81,"column":10}},"loc":{"start":{"line":81,"column":67},"end":{"line":99,"column":3}}}},"branchMap":{"0":{"loc":{"start":{"line":24,"column":2},"end":{"line":28,"column":3}},"type":"if","locations":[{"start":{"line":24,"column":2},"end":{"line":28,"column":3}},{"start":{"line":26,"column":9},"end":{"line":28,"column":3}}]},"1":{"loc":{"start":{"line":34,"column":4},"end":{"line":40,"column":5}},"type":"if","locations":[{"start":{"line":34,"column":4},"end":{"line":40,"column":5}},{"start":{},"end":{}}]},"2":{"loc":{"start":{"line":48,"column":4},"end":{"line":54,"column":5}},"type":"if","locations":[{"start":{"line":48,"column":4},"end":{"line":54,"column":5}},{"start":{},"end":{}}]},"3":{"loc":{"start":{"line":48,"column":8},"end":{"line":48,"column":37}},"type":"binary-expr","locations":[{"start":{"line":48,"column":8},"end":{"line":48,"column":27}},{"start":{"line":48,"column":31},"end":{"line":48,"column":37}}]},"4":{"loc":{"start":{"line":82,"column":4},"end":{"line":88,"column":5}},"type":"if","locations":[{"start":{"line":82,"column":4},"end":{"line":88,"column":5}},{"start":{},"end":{}}]},"5":{"loc":{"start":{"line":90,"column":4},"end":{"line":96,"column":5}},"type":"if","locations":[{"start":{"line":90,"column":4},"end":{"line":96,"column":5}},{"start":{},"end":{}}]}},"s":{"0":53,"1":53,"2":53,"3":0,"4":53,"5":53,"6":53,"7":5,"8":5,"9":48,"10":48,"11":0,"12":0,"13":48,"14":47,"15":47,"16":1,"17":1,"18":1,"19":0,"20":0,"21":0,"22":0,"23":0,"24":0,"25":0,"26":0},"f":{"0":53,"1":0,"2":0},"b":{"0":[53,0],"1":[5,48],"2":[0,48],"3":[48,48],"4":[0,0],"5":[0,0]}}
,"/Users/dako/Documents/200-MyProject/BookAction/BookAction_BackEnd/src/middleware/errorHandler.ts": {"path":"/Users/dako/Documents/200-MyProject/BookAction/BookAction_BackEnd/src/middleware/errorHandler.ts","statementMap":{"0":{"start":{"line":10,"column":2},"end":{"line":15,"column":3}},"1":{"start":{"line":11,"column":4},"end":{"line":13,"column":71}},"2":{"start":{"line":14,"column":4},"end":{"line":14,"column":11}},"3":{"start":{"line":16,"column":2},"end":{"line":16,"column":41}},"4":{"start":{"line":17,"column":2},"end":{"line":19,"column":70}}},"fnMap":{"0":{"name":"errorHandler","decl":{"start":{"line":4,"column":16},"end":{"line":4,"column":28}},"loc":{"start":{"line":8,"column":20},"end":{"line":20,"column":1}}}},"branchMap":{"0":{"loc":{"start":{"line":10,"column":2},"end":{"line":15,"column":3}},"type":"if","locations":[{"start":{"line":10,"column":2},"end":{"line":15,"column":3}},{"start":{},"end":{}}]}},"s":{"0":0,"1":0,"2":0,"3":0,"4":0},"f":{"0":0},"b":{"0":[0,0]}}
,"/Users/dako/Documents/200-MyProject/BookAction/BookAction_BackEnd/src/repositories/ConceptRepository.ts": {"path":"/Users/dako/Documents/200-MyProject/BookAction/BookAction_BackEnd/src/repositories/ConceptRepository.ts","statementMap":{"0":{"start":{"line":37,"column":4},"end":{"line":37,"column":25}},"1":{"start":{"line":48,"column":4},"end":{"line":51,"column":7}},"2":{"start":{"line":60,"column":4},"end":{"line":63,"column":7}},"3":{"start":{"line":72,"column":4},"end":{"line":75,"column":7}},"4":{"start":{"line":85,"column":4},"end":{"line":94,"column":7}},"5":{"start":{"line":105,"column":17},"end":{"line":108,"column":6}},"6":{"start":{"line":110,"column":4},"end":{"line":115,"column":13}}},"fnMap":{"0":{"name":"(anonymous_0)","decl":{"start":{"line":36,"column":2},"end":{"line":36,"column":14}},"loc":{"start":{"line":36,"column":34},"end":{"line":38,"column":3}}},"1":{"name":"(anonymous_1)","decl":{"start":{"line":45,"column":2},"end":{"line":45,"column":7}},"loc":{"start":{"line":46,"column":21},"end":{"line":52,"column":3}}},"2":{"name":"(anonymous_2)","decl":{"start":{"line":59,"column":2},"end":{"line":59,"column":7}},"loc":{"start":{"line":59,"column":41},"end":{"line":64,"column":3}}},"3":{"name":"(anonymous_3)","decl":{"start":{"line":71,"column":2},"end":{"line":71,"column":7}},"loc":{"start":{"line":71,"column":41},"end":{"line":76,"column":3}}},"4":{"name":"(anonymous_4)","decl":{"start":{"line":84,"column":2},"end":{"line":84,"column":7}},"loc":{"start":{"line":84,"column":49},"end":{"line":95,"column":3}}},"5":{"name":"(anonymous_5)","decl":{"start":{"line":102,"column":2},"end":{"line":102,"column":7}},"loc":{"start":{"line":103,"column":18},"end":{"line":116,"column":3}}}},"branchMap":{"0":{"loc":{"start":{"line":91,"column":20},"end":{"line":91,"column":42}},"type":"binary-expr","locations":[{"start":{"line":91,"column":20},"end":{"line":91,"column":34}},{"start":{"line":91,"column":38},"end":{"line":91,"column":42}}]},"1":{"loc":{"start":{"line":92,"column":20},"end":{"line":92,"column":49}},"type":"binary-expr","locations":[{"start":{"line":92,"column":20},"end":{"line":92,"column":41}},{"start":{"line":92,"column":45},"end":{"line":92,"column":49}}]},"2":{"loc":{"start":{"line":110,"column":11},"end":{"line":115,"column":12}},"type":"cond-expr","locations":[{"start":{"line":111,"column":8},"end":{"line":114,"column":null}},{"start":{"line":115,"column":8},"end":{"line":115,"column":12}}]}},"s":{"0":5,"1":2,"2":1,"3":1,"4":12,"5":12,"6":12},"f":{"0":5,"1":2,"2":1,"3":1,"4":12,"5":12},"b":{"0":[12,0],"1":[12,0],"2":[12,0]}}
,"/Users/dako/Documents/200-MyProject/BookAction/BookAction_BackEnd/src/repositories/MedalRepository.ts": {"path":"/Users/dako/Documents/200-MyProject/BookAction/BookAction_BackEnd/src/repositories/MedalRepository.ts","statementMap":{"0":{"start":{"line":5,"column":45},"end":{"line":10,"column":2}},"1":{"start":{"line":16,"column":4},"end":{"line":16,"column":25}},"2":{"start":{"line":29,"column":21},"end":{"line":32,"column":6}},"3":{"start":{"line":34,"column":4},"end":{"line":37,"column":5}},"4":{"start":{"line":36,"column":6},"end":{"line":36,"column":13}},"5":{"start":{"line":39,"column":4},"end":{"line":43,"column":7}},"6":{"start":{"line":55,"column":21},"end":{"line":58,"column":6}},"7":{"start":{"line":60,"column":4},"end":{"line":62,"column":5}},"8":{"start":{"line":61,"column":6},"end":{"line":61,"column":13}},"9":{"start":{"line":64,"column":4},"end":{"line":68,"column":7}},"10":{"start":{"line":75,"column":42},"end":{"line":84,"column":6}},"11":{"start":{"line":86,"column":4},"end":{"line":97,"column":6}},"12":{"start":{"line":87,"column":47},"end":{"line":91,"column":8}},"13":{"start":{"line":92,"column":45},"end":{"line":96,"column":8}},"14":{"start":{"line":113,"column":20},"end":{"line":116,"column":6}},"15":{"start":{"line":118,"column":4},"end":{"line":118,"column":39}},"16":{"start":{"line":118,"column":30},"end":{"line":118,"column":39}},"17":{"start":{"line":120,"column":20},"end":{"line":120,"column":44}},"18":{"start":{"line":120,"column":39},"end":{"line":120,"column":43}},"19":{"start":{"line":123,"column":22},"end":{"line":129,"column":6}},"20":{"start":{"line":131,"column":4},"end":{"line":131,"column":41}},"21":{"start":{"line":131,"column":32},"end":{"line":131,"column":41}},"22":{"start":{"line":134,"column":19},"end":{"line":139,"column":45}},"23":{"start":{"line":136,"column":23},"end":{"line":136,"column":60}},"24":{"start":{"line":137,"column":8},"end":{"line":137,"column":71}},"25":{"start":{"line":139,"column":34},"end":{"line":139,"column":44}},"26":{"start":{"line":141,"column":4},"end":{"line":141,"column":38}},"27":{"start":{"line":141,"column":29},"end":{"line":141,"column":38}},"28":{"start":{"line":143,"column":18},"end":{"line":143,"column":55}},"29":{"start":{"line":143,"column":44},"end":{"line":143,"column":51}},"30":{"start":{"line":144,"column":4},"end":{"line":144,"column":33}},"31":{"start":{"line":151,"column":21},"end":{"line":154,"column":6}},"32":{"start":{"line":155,"column":4},"end":{"line":155,"column":37}},"33":{"start":{"line":155,"column":31},"end":{"line":155,"column":35}},"34":{"start":{"line":162,"column":20},"end":{"line":165,"column":6}},"35":{"start":{"line":166,"column":4},"end":{"line":166,"column":38}},"36":{"start":{"line":177,"column":4},"end":{"line":183,"column":7}},"37":{"start":{"line":194,"column":4},"end":{"line":200,"column":7}}},"fnMap":{"0":{"name":"(anonymous_0)","decl":{"start":{"line":15,"column":2},"end":{"line":15,"column":14}},"loc":{"start":{"line":15,"column":34},"end":{"line":17,"column":3}}},"1":{"name":"(anonymous_1)","decl":{"start":{"line":23,"column":2},"end":{"line":23,"column":7}},"loc":{"start":{"line":27,"column":20},"end":{"line":44,"column":3}}},"2":{"name":"(anonymous_2)","decl":{"start":{"line":49,"column":2},"end":{"line":49,"column":7}},"loc":{"start":{"line":53,"column":20},"end":{"line":69,"column":3}}},"3":{"name":"(anonymous_3)","decl":{"start":{"line":74,"column":2},"end":{"line":74,"column":7}},"loc":{"start":{"line":74,"column":37},"end":{"line":98,"column":3}}},"4":{"name":"(anonymous_4)","decl":{"start":{"line":87,"column":39},"end":{"line":87,"column":40}},"loc":{"start":{"line":87,"column":47},"end":{"line":91,"column":8}}},"5":{"name":"(anonymous_5)","decl":{"start":{"line":92,"column":37},"end":{"line":92,"column":38}},"loc":{"start":{"line":92,"column":45},"end":{"line":96,"column":8}}},"6":{"name":"(anonymous_6)","decl":{"start":{"line":108,"column":2},"end":{"line":108,"column":7}},"loc":{"start":{"line":110,"column":21},"end":{"line":145,"column":3}}},"7":{"name":"(anonymous_7)","decl":{"start":{"line":120,"column":32},"end":{"line":120,"column":33}},"loc":{"start":{"line":120,"column":39},"end":{"line":120,"column":43}}},"8":{"name":"(anonymous_8)","decl":{"start":{"line":135,"column":11},"end":{"line":135,"column":12}},"loc":{"start":{"line":135,"column":17},"end":{"line":138,"column":7}}},"9":{"name":"(anonymous_9)","decl":{"start":{"line":139,"column":14},"end":{"line":139,"column":15}},"loc":{"start":{"line":139,"column":34},"end":{"line":139,"column":44}}},"10":{"name":"(anonymous_10)","decl":{"start":{"line":143,"column":32},"end":{"line":143,"column":33}},"loc":{"start":{"line":143,"column":44},"end":{"line":143,"column":51}}},"11":{"name":"(anonymous_11)","decl":{"start":{"line":150,"column":2},"end":{"line":150,"column":7}},"loc":{"start":{"line":150,"column":46},"end":{"line":156,"column":3}}},"12":{"name":"(anonymous_12)","decl":{"start":{"line":155,"column":24},"end":{"line":155,"column":25}},"loc":{"start":{"line":155,"column":31},"end":{"line":155,"column":35}}},"13":{"name":"(anonymous_13)","decl":{"start":{"line":161,"column":2},"end":{"line":161,"column":7}},"loc":{"start":{"line":161,"column":47},"end":{"line":167,"column":3}}},"14":{"name":"(anonymous_14)","decl":{"start":{"line":173,"column":2},"end":{"line":173,"column":7}},"loc":{"start":{"line":175,"column":24},"end":{"line":184,"column":3}}},"15":{"name":"(anonymous_15)","decl":{"start":{"line":190,"column":2},"end":{"line":190,"column":7}},"loc":{"start":{"line":192,"column":24},"end":{"line":201,"column":3}}}},"branchMap":{"0":{"loc":{"start":{"line":34,"column":4},"end":{"line":37,"column":5}},"type":"if","locations":[{"start":{"line":34,"column":4},"end":{"line":37,"column":5}},{"start":{},"end":{}}]},"1":{"loc":{"start":{"line":34,"column":8},"end":{"line":34,"column":63}},"type":"binary-expr","locations":[{"start":{"line":34,"column":8},"end":{"line":34,"column":16}},{"start":{"line":34,"column":20},"end":{"line":34,"column":63}}]},"2":{"loc":{"start":{"line":60,"column":4},"end":{"line":62,"column":5}},"type":"if","locations":[{"start":{"line":60,"column":4},"end":{"line":62,"column":5}},{"start":{},"end":{}}]},"3":{"loc":{"start":{"line":60,"column":8},"end":{"line":60,"column":63}},"type":"binary-expr","locations":[{"start":{"line":60,"column":8},"end":{"line":60,"column":16}},{"start":{"line":60,"column":20},"end":{"line":60,"column":63}}]},"4":{"loc":{"start":{"line":118,"column":4},"end":{"line":118,"column":39}},"type":"if","locations":[{"start":{"line":118,"column":4},"end":{"line":118,"column":39}},{"start":{},"end":{}}]},"5":{"loc":{"start":{"line":131,"column":4},"end":{"line":131,"column":41}},"type":"if","locations":[{"start":{"line":131,"column":4},"end":{"line":131,"column":41}},{"start":{},"end":{}}]},"6":{"loc":{"start":{"line":137,"column":15},"end":{"line":137,"column":70}},"type":"cond-expr","locations":[{"start":{"line":137,"column":51},"end":{"line":137,"column":63}},{"start":{"line":137,"column":66},"end":{"line":137,"column":70}}]},"7":{"loc":{"start":{"line":141,"column":4},"end":{"line":141,"column":38}},"type":"if","locations":[{"start":{"line":141,"column":4},"end":{"line":141,"column":38}},{"start":{},"end":{}}]},"8":{"loc":{"start":{"line":166,"column":11},"end":{"line":166,"column":37}},"type":"binary-expr","locations":[{"start":{"line":166,"column":11},"end":{"line":166,"column":29}},{"start":{"line":166,"column":33},"end":{"line":166,"column":37}}]}},"s":{"0":5,"1":5,"2":8,"3":8,"4":2,"5":6,"6":3,"7":3,"8":1,"9":2,"10":7,"11":7,"12":12,"13":3,"14":8,"15":8,"16":0,"17":8,"18":13,"19":8,"20":8,"21":0,"22":8,"23":30,"24":30,"25":30,"26":8,"27":0,"28":8,"29":30,"30":8,"31":8,"32":8,"33":20,"34":8,"35":8,"36":8,"37":3},"f":{"0":5,"1":8,"2":3,"3":7,"4":12,"5":3,"6":8,"7":13,"8":30,"9":30,"10":30,"11":8,"12":20,"13":8,"14":8,"15":3},"b":{"0":[2,6],"1":[8,2],"2":[1,2],"3":[3,1],"4":[0,8],"5":[0,8],"6":[30,0],"7":[0,8],"8":[8,0]}}
,"/Users/dako/Documents/200-MyProject/BookAction/BookAction_BackEnd/src/repositories/ModuleRepository.ts": {"path":"/Users/dako/Documents/200-MyProject/BookAction/BookAction_BackEnd/src/repositories/ModuleRepository.ts","statementMap":{"0":{"start":{"line":9,"column":4},"end":{"line":9,"column":25}},"1":{"start":{"line":13,"column":4},"end":{"line":16,"column":7}},"2":{"start":{"line":20,"column":4},"end":{"line":25,"column":7}},"3":{"start":{"line":30,"column":20},"end":{"line":44,"column":6}},"4":{"start":{"line":47,"column":4},"end":{"line":80,"column":6}},"5":{"start":{"line":50,"column":30},"end":{"line":50,"column":52}},"6":{"start":{"line":51,"column":34},"end":{"line":53,"column":16}},"7":{"start":{"line":52,"column":17},"end":{"line":52,"column":63}},"8":{"start":{"line":55,"column":10},"end":{"line":57,"column":15}},"9":{"start":{"line":59,"column":8},"end":{"line":78,"column":10}},"10":{"start":{"line":72,"column":48},"end":{"line":77,"column":12}},"11":{"start":{"line":85,"column":4},"end":{"line":93,"column":7}}},"fnMap":{"0":{"name":"(anonymous_0)","decl":{"start":{"line":8,"column":2},"end":{"line":8,"column":14}},"loc":{"start":{"line":8,"column":34},"end":{"line":10,"column":3}}},"1":{"name":"(anonymous_1)","decl":{"start":{"line":12,"column":2},"end":{"line":12,"column":7}},"loc":{"start":{"line":12,"column":44},"end":{"line":17,"column":3}}},"2":{"name":"(anonymous_2)","decl":{"start":{"line":19,"column":2},"end":{"line":19,"column":7}},"loc":{"start":{"line":19,"column":57},"end":{"line":26,"column":3}}},"3":{"name":"(anonymous_3)","decl":{"start":{"line":28,"column":2},"end":{"line":28,"column":7}},"loc":{"start":{"line":28,"column":44},"end":{"line":81,"column":3}}},"4":{"name":"(anonymous_4)","decl":{"start":{"line":48,"column":27},"end":{"line":48,"column":28}},"loc":{"start":{"line":48,"column":38},"end":{"line":79,"column":7}}},"5":{"name":"(anonymous_5)","decl":{"start":{"line":52,"column":10},"end":{"line":52,"column":11}},"loc":{"start":{"line":52,"column":17},"end":{"line":52,"column":63}}},"6":{"name":"(anonymous_6)","decl":{"start":{"line":72,"column":40},"end":{"line":72,"column":41}},"loc":{"start":{"line":72,"column":48},"end":{"line":77,"column":12}}},"7":{"name":"(anonymous_7)","decl":{"start":{"line":84,"column":2},"end":{"line":84,"column":7}},"loc":{"start":{"line":84,"column":57},"end":{"line":94,"column":3}}}},"branchMap":{"0":{"loc":{"start":{"line":19,"column":47},"end":{"line":19,"column":57}},"type":"default-arg","locations":[{"start":{"line":19,"column":56},"end":{"line":19,"column":57}}]},"1":{"loc":{"start":{"line":52,"column":17},"end":{"line":52,"column":63}},"type":"binary-expr","locations":[{"start":{"line":52,"column":17},"end":{"line":52,"column":54}},{"start":{"line":52,"column":58},"end":{"line":52,"column":63}}]},"2":{"loc":{"start":{"line":55,"column":10},"end":{"line":57,"column":15}},"type":"cond-expr","locations":[{"start":{"line":56,"column":14},"end":{"line":56,"column":67}},{"start":{"line":57,"column":14},"end":{"line":57,"column":15}}]},"3":{"loc":{"start":{"line":62,"column":17},"end":{"line":70,"column":18}},"type":"cond-expr","locations":[{"start":{"line":63,"column":14},"end":{"line":69,"column":null}},{"start":{"line":70,"column":14},"end":{"line":70,"column":18}}]},"4":{"loc":{"start":{"line":76,"column":23},"end":{"line":76,"column":69}},"type":"binary-expr","locations":[{"start":{"line":76,"column":23},"end":{"line":76,"column":60}},{"start":{"line":76,"column":64},"end":{"line":76,"column":69}}]},"5":{"loc":{"start":{"line":91,"column":20},"end":{"line":91,"column":52}},"type":"binary-expr","locations":[{"start":{"line":91,"column":20},"end":{"line":91,"column":44}},{"start":{"line":91,"column":48},"end":{"line":91,"column":52}}]}},"s":{"0":5,"1":2,"2":2,"3":1,"4":1,"5":2,"6":2,"7":4,"8":2,"9":2,"10":4,"11":1},"f":{"0":5,"1":2,"2":2,"3":1,"4":2,"5":4,"6":4,"7":1},"b":{"0":[0],"1":[4,3],"2":[2,0],"3":[2,0],"4":[4,3],"5":[1,0]}}
,"/Users/dako/Documents/200-MyProject/BookAction/BookAction_BackEnd/src/repositories/RefreshTokenRepository.ts": {"path":"/Users/dako/Documents/200-MyProject/BookAction/BookAction_BackEnd/src/repositories/RefreshTokenRepository.ts","statementMap":{"0":{"start":{"line":7,"column":4},"end":{"line":7,"column":25}},"1":{"start":{"line":16,"column":4},"end":{"line":22,"column":7}},"2":{"start":{"line":27,"column":17},"end":{"line":30,"column":6}},"3":{"start":{"line":32,"column":4},"end":{"line":36,"column":5}},"4":{"start":{"line":33,"column":6},"end":{"line":33,"column":18}},"5":{"start":{"line":35,"column":6},"end":{"line":35,"column":18}},"6":{"start":{"line":41,"column":4},"end":{"line":43,"column":7}},"7":{"start":{"line":51,"column":4},"end":{"line":57,"column":7}},"8":{"start":{"line":63,"column":4},"end":{"line":67,"column":7}}},"fnMap":{"0":{"name":"(anonymous_0)","decl":{"start":{"line":6,"column":2},"end":{"line":6,"column":14}},"loc":{"start":{"line":6,"column":34},"end":{"line":8,"column":3}}},"1":{"name":"(anonymous_1)","decl":{"start":{"line":11,"column":2},"end":{"line":11,"column":7}},"loc":{"start":{"line":14,"column":19},"end":{"line":23,"column":3}}},"2":{"name":"(anonymous_2)","decl":{"start":{"line":26,"column":2},"end":{"line":26,"column":7}},"loc":{"start":{"line":26,"column":37},"end":{"line":37,"column":3}}},"3":{"name":"(anonymous_3)","decl":{"start":{"line":40,"column":2},"end":{"line":40,"column":7}},"loc":{"start":{"line":40,"column":33},"end":{"line":44,"column":3}}},"4":{"name":"(anonymous_4)","decl":{"start":{"line":50,"column":2},"end":{"line":50,"column":7}},"loc":{"start":{"line":50,"column":27},"end":{"line":58,"column":3}}},"5":{"name":"(anonymous_5)","decl":{"start":{"line":62,"column":2},"end":{"line":62,"column":7}},"loc":{"start":{"line":62,"column":39},"end":{"line":68,"column":3}}}},"branchMap":{"0":{"loc":{"start":{"line":32,"column":4},"end":{"line":36,"column":5}},"type":"if","locations":[{"start":{"line":32,"column":4},"end":{"line":36,"column":5}},{"start":{"line":34,"column":11},"end":{"line":36,"column":5}}]},"1":{"loc":{"start":{"line":32,"column":8},"end":{"line":32,"column":44}},"type":"binary-expr","locations":[{"start":{"line":32,"column":8},"end":{"line":32,"column":12}},{"start":{"line":32,"column":16},"end":{"line":32,"column":44}}]}},"s":{"0":5,"1":11,"2":3,"3":3,"4":2,"5":1,"6":1,"7":0,"8":0},"f":{"0":5,"1":11,"2":3,"3":1,"4":0,"5":0},"b":{"0":[2,1],"1":[3,2]}}
,"/Users/dako/Documents/200-MyProject/BookAction/BookAction_BackEnd/src/repositories/UserProgressRepository.ts": {"path":"/Users/dako/Documents/200-MyProject/BookAction/BookAction_BackEnd/src/repositories/UserProgressRepository.ts","statementMap":{"0":{"start":{"line":8,"column":4},"end":{"line":8,"column":25}},"1":{"start":{"line":16,"column":4},"end":{"line":36,"column":7}}},"fnMap":{"0":{"name":"(anonymous_0)","decl":{"start":{"line":7,"column":2},"end":{"line":7,"column":14}},"loc":{"start":{"line":7,"column":34},"end":{"line":9,"column":3}}},"1":{"name":"(anonymous_1)","decl":{"start":{"line":15,"column":2},"end":{"line":15,"column":7}},"loc":{"start":{"line":15,"column":65},"end":{"line":37,"column":3}}}},"branchMap":{"0":{"loc":{"start":{"line":25,"column":20},"end":{"line":25,"column":47}},"type":"binary-expr","locations":[{"start":{"line":25,"column":20},"end":{"line":25,"column":34}},{"start":{"line":25,"column":38},"end":{"line":25,"column":47}}]},"1":{"loc":{"start":{"line":26,"column":22},"end":{"line":26,"column":58}},"type":"cond-expr","locations":[{"start":{"line":26,"column":41},"end":{"line":26,"column":51}},{"start":{"line":26,"column":54},"end":{"line":26,"column":58}}]},"2":{"loc":{"start":{"line":33,"column":20},"end":{"line":33,"column":39}},"type":"binary-expr","locations":[{"start":{"line":33,"column":20},"end":{"line":33,"column":34}},{"start":{"line":33,"column":38},"end":{"line":33,"column":39}}]},"3":{"loc":{"start":{"line":34,"column":22},"end":{"line":34,"column":58}},"type":"cond-expr","locations":[{"start":{"line":34,"column":41},"end":{"line":34,"column":51}},{"start":{"line":34,"column":54},"end":{"line":34,"column":58}}]}},"s":{"0":5,"1":8},"f":{"0":5,"1":8},"b":{"0":[8,0],"1":[8,0],"2":[8,0],"3":[8,0]}}
,"/Users/dako/Documents/200-MyProject/BookAction/BookAction_BackEnd/src/repositories/UserRepository.ts": {"path":"/Users/dako/Documents/200-MyProject/BookAction/BookAction_BackEnd/src/repositories/UserRepository.ts","statementMap":{"0":{"start":{"line":8,"column":4},"end":{"line":8,"column":25}},"1":{"start":{"line":13,"column":4},"end":{"line":15,"column":7}},"2":{"start":{"line":20,"column":4},"end":{"line":22,"column":7}},"3":{"start":{"line":27,"column":4},"end":{"line":29,"column":7}},"4":{"start":{"line":36,"column":4},"end":{"line":42,"column":7}},"5":{"start":{"line":47,"column":4},"end":{"line":50,"column":7}}},"fnMap":{"0":{"name":"(anonymous_0)","decl":{"start":{"line":7,"column":2},"end":{"line":7,"column":14}},"loc":{"start":{"line":7,"column":34},"end":{"line":9,"column":3}}},"1":{"name":"(anonymous_1)","decl":{"start":{"line":12,"column":2},"end":{"line":12,"column":7}},"loc":{"start":{"line":12,"column":33},"end":{"line":16,"column":3}}},"2":{"name":"(anonymous_2)","decl":{"start":{"line":19,"column":2},"end":{"line":19,"column":7}},"loc":{"start":{"line":19,"column":39},"end":{"line":23,"column":3}}},"3":{"name":"(anonymous_3)","decl":{"start":{"line":26,"column":2},"end":{"line":26,"column":7}},"loc":{"start":{"line":26,"column":35},"end":{"line":30,"column":3}}},"4":{"name":"(anonymous_4)","decl":{"start":{"line":33,"column":2},"end":{"line":33,"column":7}},"loc":{"start":{"line":33,"column":36},"end":{"line":43,"column":3}}},"5":{"name":"(anonymous_5)","decl":{"start":{"line":46,"column":2},"end":{"line":46,"column":7}},"loc":{"start":{"line":46,"column":34},"end":{"line":51,"column":3}}}},"branchMap":{},"s":{"0":5,"1":13,"2":2,"3":2,"4":1,"5":10},"f":{"0":5,"1":13,"2":2,"3":2,"4":1,"5":10},"b":{}}
,"/Users/dako/Documents/200-MyProject/BookAction/BookAction_BackEnd/src/routes/auth.routes.ts": {"path":"/Users/dako/Documents/200-MyProject/BookAction/BookAction_BackEnd/src/routes/auth.routes.ts","statementMap":{"0":{"start":{"line":8,"column":17},"end":{"line":8,"column":25}},"1":{"start":{"line":11,"column":2},"end":{"line":11,"column":76}},"2":{"start":{"line":11,"column":41},"end":{"line":11,"column":74}},"3":{"start":{"line":12,"column":2},"end":{"line":12,"column":70}},"4":{"start":{"line":12,"column":38},"end":{"line":12,"column":68}},"5":{"start":{"line":13,"column":2},"end":{"line":13,"column":79}},"6":{"start":{"line":13,"column":40},"end":{"line":13,"column":77}},"7":{"start":{"line":16,"column":2},"end":{"line":18,"column":4}},"8":{"start":{"line":17,"column":4},"end":{"line":17,"column":35}},"9":{"start":{"line":20,"column":2},"end":{"line":22,"column":4}},"10":{"start":{"line":21,"column":4},"end":{"line":21,"column":43}},"11":{"start":{"line":24,"column":2},"end":{"line":24,"column":16}}},"fnMap":{"0":{"name":"createAuthRoutes","decl":{"start":{"line":5,"column":16},"end":{"line":5,"column":32}},"loc":{"start":{"line":5,"column":63},"end":{"line":25,"column":1}}},"1":{"name":"(anonymous_1)","decl":{"start":{"line":11,"column":27},"end":{"line":11,"column":28}},"loc":{"start":{"line":11,"column":41},"end":{"line":11,"column":74}}},"2":{"name":"(anonymous_2)","decl":{"start":{"line":12,"column":24},"end":{"line":12,"column":25}},"loc":{"start":{"line":12,"column":38},"end":{"line":12,"column":68}}},"3":{"name":"(anonymous_3)","decl":{"start":{"line":13,"column":26},"end":{"line":13,"column":27}},"loc":{"start":{"line":13,"column":40},"end":{"line":13,"column":77}}},"4":{"name":"(anonymous_4)","decl":{"start":{"line":16,"column":41},"end":{"line":16,"column":42}},"loc":{"start":{"line":17,"column":4},"end":{"line":17,"column":35}}},"5":{"name":"(anonymous_5)","decl":{"start":{"line":20,"column":36},"end":{"line":20,"column":37}},"loc":{"start":{"line":21,"column":4},"end":{"line":21,"column":43}}}},"branchMap":{},"s":{"0":5,"1":5,"2":4,"3":5,"4":12,"5":5,"6":2,"7":5,"8":1,"9":5,"10":1,"11":5},"f":{"0":5,"1":4,"2":12,"3":2,"4":1,"5":1},"b":{}}
,"/Users/dako/Documents/200-MyProject/BookAction/BookAction_BackEnd/src/routes/concept.routes.ts": {"path":"/Users/dako/Documents/200-MyProject/BookAction/BookAction_BackEnd/src/routes/concept.routes.ts","statementMap":{"0":{"start":{"line":6,"column":17},"end":{"line":6,"column":25}},"1":{"start":{"line":9,"column":2},"end":{"line":9,"column":29}},"2":{"start":{"line":11,"column":2},"end":{"line":13,"column":5}},"3":{"start":{"line":12,"column":4},"end":{"line":12,"column":51}},"4":{"start":{"line":15,"column":2},"end":{"line":17,"column":5}},"5":{"start":{"line":16,"column":4},"end":{"line":16,"column":50}},"6":{"start":{"line":19,"column":2},"end":{"line":21,"column":5}},"7":{"start":{"line":20,"column":4},"end":{"line":20,"column":50}},"8":{"start":{"line":23,"column":2},"end":{"line":25,"column":5}},"9":{"start":{"line":24,"column":4},"end":{"line":24,"column":48}},"10":{"start":{"line":28,"column":2},"end":{"line":30,"column":5}},"11":{"start":{"line":29,"column":4},"end":{"line":29,"column":54}},"12":{"start":{"line":32,"column":2},"end":{"line":32,"column":16}}},"fnMap":{"0":{"name":"createConceptRoutes","decl":{"start":{"line":5,"column":16},"end":{"line":5,"column":35}},"loc":{"start":{"line":5,"column":72},"end":{"line":33,"column":1}}},"1":{"name":"(anonymous_1)","decl":{"start":{"line":11,"column":37},"end":{"line":11,"column":42}},"loc":{"start":{"line":11,"column":56},"end":{"line":13,"column":3}}},"2":{"name":"(anonymous_2)","decl":{"start":{"line":15,"column":33},"end":{"line":15,"column":38}},"loc":{"start":{"line":15,"column":52},"end":{"line":17,"column":3}}},"3":{"name":"(anonymous_3)","decl":{"start":{"line":19,"column":36},"end":{"line":19,"column":41}},"loc":{"start":{"line":19,"column":55},"end":{"line":21,"column":3}}},"4":{"name":"(anonymous_4)","decl":{"start":{"line":23,"column":38},"end":{"line":23,"column":43}},"loc":{"start":{"line":23,"column":57},"end":{"line":25,"column":3}}},"5":{"name":"(anonymous_5)","decl":{"start":{"line":28,"column":38},"end":{"line":28,"column":43}},"loc":{"start":{"line":28,"column":57},"end":{"line":30,"column":3}}}},"branchMap":{},"s":{"0":5,"1":5,"2":5,"3":3,"4":5,"5":2,"6":5,"7":2,"8":5,"9":14,"10":5,"11":9,"12":5},"f":{"0":5,"1":3,"2":2,"3":2,"4":14,"5":9},"b":{}}
,"/Users/dako/Documents/200-MyProject/BookAction/BookAction_BackEnd/src/routes/medal.routes.ts": {"path":"/Users/dako/Documents/200-MyProject/BookAction/BookAction_BackEnd/src/routes/medal.routes.ts","statementMap":{"0":{"start":{"line":6,"column":17},"end":{"line":6,"column":25}},"1":{"start":{"line":9,"column":2},"end":{"line":11,"column":4}},"2":{"start":{"line":10,"column":4},"end":{"line":10,"column":39}},"3":{"start":{"line":13,"column":2},"end":{"line":13,"column":16}}},"fnMap":{"0":{"name":"createMedalRoutes","decl":{"start":{"line":5,"column":16},"end":{"line":5,"column":33}},"loc":{"start":{"line":5,"column":66},"end":{"line":14,"column":1}}},"1":{"name":"(anonymous_1)","decl":{"start":{"line":9,"column":34},"end":{"line":9,"column":35}},"loc":{"start":{"line":10,"column":4},"end":{"line":10,"column":39}}}},"branchMap":{},"s":{"0":5,"1":5,"2":7,"3":5},"f":{"0":5,"1":7},"b":{}}
,"/Users/dako/Documents/200-MyProject/BookAction/BookAction_BackEnd/src/routes/module.routes.ts": {"path":"/Users/dako/Documents/200-MyProject/BookAction/BookAction_BackEnd/src/routes/module.routes.ts","statementMap":{"0":{"start":{"line":6,"column":17},"end":{"line":6,"column":25}},"1":{"start":{"line":9,"column":2},"end":{"line":9,"column":29}},"2":{"start":{"line":11,"column":2},"end":{"line":13,"column":5}},"3":{"start":{"line":12,"column":4},"end":{"line":12,"column":46}},"4":{"start":{"line":15,"column":2},"end":{"line":17,"column":5}},"5":{"start":{"line":16,"column":4},"end":{"line":16,"column":51}},"6":{"start":{"line":19,"column":2},"end":{"line":21,"column":5}},"7":{"start":{"line":20,"column":4},"end":{"line":20,"column":50}},"8":{"start":{"line":23,"column":2},"end":{"line":25,"column":5}},"9":{"start":{"line":24,"column":4},"end":{"line":24,"column":52}},"10":{"start":{"line":27,"column":2},"end":{"line":27,"column":16}}},"fnMap":{"0":{"name":"createModuleRoutes","decl":{"start":{"line":5,"column":16},"end":{"line":5,"column":34}},"loc":{"start":{"line":5,"column":69},"end":{"line":28,"column":1}}},"1":{"name":"(anonymous_1)","decl":{"start":{"line":11,"column":33},"end":{"line":11,"column":38}},"loc":{"start":{"line":11,"column":52},"end":{"line":13,"column":3}}},"2":{"name":"(anonymous_2)","decl":{"start":{"line":15,"column":38},"end":{"line":15,"column":43}},"loc":{"start":{"line":15,"column":57},"end":{"line":17,"column":3}}},"3":{"name":"(anonymous_3)","decl":{"start":{"line":19,"column":26},"end":{"line":19,"column":31}},"loc":{"start":{"line":19,"column":45},"end":{"line":21,"column":3}}},"4":{"name":"(anonymous_4)","decl":{"start":{"line":23,"column":39},"end":{"line":23,"column":44}},"loc":{"start":{"line":23,"column":58},"end":{"line":25,"column":3}}}},"branchMap":{},"s":{"0":5,"1":5,"2":5,"3":3,"4":5,"5":2,"6":5,"7":1,"8":5,"9":2,"10":5},"f":{"0":5,"1":3,"2":2,"3":1,"4":2},"b":{}}
,"/Users/dako/Documents/200-MyProject/BookAction/BookAction_BackEnd/src/routes/seed.routes.ts": {"path":"/Users/dako/Documents/200-MyProject/BookAction/BookAction_BackEnd/src/routes/seed.routes.ts","statementMap":{"0":{"start":{"line":5,"column":17},"end":{"line":5,"column":25}},"1":{"start":{"line":7,"column":2},"end":{"line":9,"column":5}},"2":{"start":{"line":8,"column":4},"end":{"line":8,"column":39}},"3":{"start":{"line":11,"column":2},"end":{"line":11,"column":16}}},"fnMap":{"0":{"name":"createSeedRoutes","decl":{"start":{"line":4,"column":16},"end":{"line":4,"column":32}},"loc":{"start":{"line":4,"column":63},"end":{"line":12,"column":1}}},"1":{"name":"(anonymous_1)","decl":{"start":{"line":7,"column":23},"end":{"line":7,"column":28}},"loc":{"start":{"line":7,"column":42},"end":{"line":9,"column":3}}}},"branchMap":{},"s":{"0":5,"1":5,"2":4,"3":5},"f":{"0":5,"1":4},"b":{}}
,"/Users/dako/Documents/200-MyProject/BookAction/BookAction_BackEnd/src/seed/runSeed.ts": {"path":"/Users/dako/Documents/200-MyProject/BookAction/BookAction_BackEnd/src/seed/runSeed.ts","statementMap":{"0":{"start":{"line":72,"column":2},"end":{"line":72,"column":30}},"1":{"start":{"line":74,"column":33},"end":{"line":74,"column":64}},"2":{"start":{"line":75,"column":20},"end":{"line":75,"column":60}},"3":{"start":{"line":77,"column":2},"end":{"line":83,"column":4}},"4":{"start":{"line":87,"column":2},"end":{"line":106,"column":3}},"5":{"start":{"line":88,"column":4},"end":{"line":102,"column":7}},"6":{"start":{"line":103,"column":4},"end":{"line":103,"column":11}},"7":{"start":{"line":105,"column":4},"end":{"line":105,"column":81}},"8":{"start":{"line":108,"column":2},"end":{"line":108,"column":42}},"9":{"start":{"line":109,"column":2},"end":{"line":109,"column":50}},"10":{"start":{"line":110,"column":2},"end":{"line":110,"column":41}},"11":{"start":{"line":111,"column":2},"end":{"line":111,"column":33}},"12":{"start":{"line":112,"column":2},"end":{"line":112,"column":36}},"13":{"start":{"line":113,"column":2},"end":{"line":113,"column":37}},"14":{"start":{"line":114,"column":2},"end":{"line":114,"column":39}},"15":{"start":{"line":115,"column":2},"end":{"line":115,"column":36}},"16":{"start":{"line":116,"column":2},"end":{"line":116,"column":34}},"17":{"start":{"line":117,"column":2},"end":{"line":117,"column":35}},"18":{"start":{"line":118,"column":2},"end":{"line":118,"column":33}},"19":{"start":{"line":120,"column":2},"end":{"line":120,"column":31}},"20":{"start":{"line":124,"column":20},"end":{"line":136,"column":4}},"21":{"start":{"line":138,"column":2},"end":{"line":146,"column":3}},"22":{"start":{"line":139,"column":4},"end":{"line":145,"column":5}},"23":{"start":{"line":140,"column":6},"end":{"line":142,"column":8}},"24":{"start":{"line":144,"column":6},"end":{"line":144,"column":70}},"25":{"start":{"line":153,"column":24},"end":{"line":153,"column":60}},"26":{"start":{"line":155,"column":15},"end":{"line":163,"column":4}},"27":{"start":{"line":165,"column":23},"end":{"line":171,"column":4}},"28":{"start":{"line":173,"column":2},"end":{"line":173,"column":32}},"29":{"start":{"line":177,"column":19},"end":{"line":181,"column":null}},"30":{"start":{"line":183,"column":14},"end":{"line":183,"column":48}},"31":{"start":{"line":184,"column":17},"end":{"line":184,"column":32}},"32":{"start":{"line":186,"column":2},"end":{"line":188,"column":3}},"33":{"start":{"line":187,"column":4},"end":{"line":187,"column":71}},"34":{"start":{"line":190,"column":2},"end":{"line":190,"column":35}},"35":{"start":{"line":201,"column":18},"end":{"line":201,"column":37}},"36":{"start":{"line":202,"column":23},"end":{"line":202,"column":24}},"37":{"start":{"line":203,"column":22},"end":{"line":203,"column":23}},"38":{"start":{"line":205,"column":2},"end":{"line":209,"column":3}},"39":{"start":{"line":206,"column":19},"end":{"line":206,"column":63}},"40":{"start":{"line":207,"column":4},"end":{"line":207,"column":45}},"41":{"start":{"line":208,"column":4},"end":{"line":208,"column":43}},"42":{"start":{"line":211,"column":2},"end":{"line":215,"column":4}},"43":{"start":{"line":223,"column":62},"end":{"line":223,"column":66}},"44":{"start":{"line":225,"column":17},"end":{"line":231,"column":4}},"45":{"start":{"line":233,"column":2},"end":{"line":242,"column":5}},"46":{"start":{"line":244,"column":23},"end":{"line":244,"column":24}},"47":{"start":{"line":246,"column":2},"end":{"line":292,"column":3}},"48":{"start":{"line":247,"column":20},"end":{"line":255,"column":6}},"49":{"start":{"line":257,"column":4},"end":{"line":266,"column":7}},"50":{"start":{"line":268,"column":4},"end":{"line":275,"column":7}},"51":{"start":{"line":277,"column":4},"end":{"line":291,"column":5}},"52":{"start":{"line":278,"column":6},"end":{"line":289,"column":9}},"53":{"start":{"line":290,"column":6},"end":{"line":290,"column":26}},"54":{"start":{"line":294,"column":2},"end":{"line":303,"column":5}},"55":{"start":{"line":305,"column":2},"end":{"line":305,"column":62}}},"fnMap":{"0":{"name":"runSeed","decl":{"start":{"line":71,"column":22},"end":{"line":71,"column":29}},"loc":{"start":{"line":71,"column":50},"end":{"line":84,"column":1}}},"1":{"name":"clearDatabase","decl":{"start":{"line":86,"column":15},"end":{"line":86,"column":28}},"loc":{"start":{"line":86,"column":49},"end":{"line":121,"column":1}}},"2":{"name":"resetSequences","decl":{"start":{"line":123,"column":15},"end":{"line":123,"column":29}},"loc":{"start":{"line":123,"column":50},"end":{"line":147,"column":1}}},"3":{"name":"seedUserWithToken","decl":{"start":{"line":149,"column":15},"end":{"line":149,"column":32}},"loc":{"start":{"line":149,"column":53},"end":{"line":174,"column":1}}},"4":{"name":"loadCourseContent","decl":{"start":{"line":176,"column":9},"end":{"line":176,"column":26}},"loc":{"start":{"line":176,"column":26},"end":{"line":191,"column":1}}},"5":{"name":"seedCourseContent","decl":{"start":{"line":193,"column":15},"end":{"line":193,"column":32}},"loc":{"start":{"line":195,"column":16},"end":{"line":216,"column":1}}},"6":{"name":"seedModule","decl":{"start":{"line":218,"column":15},"end":{"line":218,"column":25}},"loc":{"start":{"line":221,"column":16},"end":{"line":306,"column":1}}}},"branchMap":{"0":{"loc":{"start":{"line":186,"column":2},"end":{"line":188,"column":3}},"type":"if","locations":[{"start":{"line":186,"column":2},"end":{"line":188,"column":3}},{"start":{},"end":{}}]},"1":{"loc":{"start":{"line":277,"column":27},"end":{"line":277,"column":52}},"type":"binary-expr","locations":[{"start":{"line":277,"column":27},"end":{"line":277,"column":46}},{"start":{"line":277,"column":50},"end":{"line":277,"column":52}}]}},"s":{"0":0,"1":0,"2":0,"3":0,"4":0,"5":0,"6":0,"7":0,"8":0,"9":0,"10":0,"11":0,"12":0,"13":0,"14":0,"15":0,"16":0,"17":0,"18":0,"19":0,"20":0,"21":0,"22":0,"23":0,"24":0,"25":0,"26":0,"27":0,"28":0,"29":0,"30":0,"31":0,"32":0,"33":0,"34":0,"35":0,"36":0,"37":0,"38":0,"39":0,"40":0,"41":0,"42":0,"43":0,"44":0,"45":0,"46":0,"47":0,"48":0,"49":0,"50":0,"51":0,"52":0,"53":0,"54":0,"55":0},"f":{"0":0,"1":0,"2":0,"3":0,"4":0,"5":0,"6":0},"b":{"0":[0,0],"1":[0,0]}}
,"/Users/dako/Documents/200-MyProject/BookAction/BookAction_BackEnd/src/services/AuthService.ts": {"path":"/Users/dako/Documents/200-MyProject/BookAction/BookAction_BackEnd/src/services/AuthService.ts","statementMap":{"0":{"start":{"line":31,"column":4},"end":{"line":31,"column":29}},"1":{"start":{"line":32,"column":4},"end":{"line":32,"column":45}},"2":{"start":{"line":35,"column":4},"end":{"line":35,"column":71}},"3":{"start":{"line":36,"column":4},"end":{"line":37,"column":47}},"4":{"start":{"line":38,"column":4},"end":{"line":39,"column":44}},"5":{"start":{"line":41,"column":26},"end":{"line":41,"column":55}},"6":{"start":{"line":42,"column":27},"end":{"line":42,"column":57}},"7":{"start":{"line":43,"column":4},"end":{"line":47,"column":5}},"8":{"start":{"line":44,"column":6},"end":{"line":46,"column":8}},"9":{"start":{"line":48,"column":4},"end":{"line":48,"column":38}},"10":{"start":{"line":49,"column":4},"end":{"line":49,"column":40}},"11":{"start":{"line":53,"column":32},"end":{"line":58,"column":6}},"12":{"start":{"line":65,"column":24},"end":{"line":67,"column":6}},"13":{"start":{"line":72,"column":25},"end":{"line":82,"column":null}},"14":{"start":{"line":86,"column":22},"end":{"line":86,"column":32}},"15":{"start":{"line":88,"column":6},"end":{"line":90,"column":52}},"16":{"start":{"line":91,"column":4},"end":{"line":91,"column":61}},"17":{"start":{"line":94,"column":4},"end":{"line":94,"column":73}},"18":{"start":{"line":96,"column":4},"end":{"line":96,"column":41}},"19":{"start":{"line":104,"column":4},"end":{"line":106,"column":5}},"20":{"start":{"line":105,"column":6},"end":{"line":105,"column":50}},"21":{"start":{"line":108,"column":4},"end":{"line":110,"column":5}},"22":{"start":{"line":109,"column":6},"end":{"line":109,"column":54}},"23":{"start":{"line":113,"column":25},"end":{"line":113,"column":78}},"24":{"start":{"line":116,"column":17},"end":{"line":120,"column":6}},"25":{"start":{"line":123,"column":19},"end":{"line":123,"column":50}},"26":{"start":{"line":125,"column":4},"end":{"line":125,"column":28}},"27":{"start":{"line":132,"column":15},"end":{"line":132,"column":19}},"28":{"start":{"line":134,"column":4},"end":{"line":138,"column":5}},"29":{"start":{"line":135,"column":6},"end":{"line":135,"column":72}},"30":{"start":{"line":137,"column":6},"end":{"line":137,"column":75}},"31":{"start":{"line":139,"column":4},"end":{"line":141,"column":5}},"32":{"start":{"line":140,"column":6},"end":{"line":140,"column":60}},"33":{"start":{"line":142,"column":4},"end":{"line":144,"column":5}},"34":{"start":{"line":143,"column":6},"end":{"line":143,"column":54}},"35":{"start":{"line":147,"column":28},"end":{"line":149,"column":null}},"36":{"start":{"line":151,"column":4},"end":{"line":153,"column":5}},"37":{"start":{"line":152,"column":6},"end":{"line":152,"column":51}},"38":{"start":{"line":156,"column":4},"end":{"line":156,"column":45}},"39":{"start":{"line":159,"column":19},"end":{"line":159,"column":50}},"40":{"start":{"line":161,"column":4},"end":{"line":161,"column":28}},"41":{"start":{"line":167,"column":24},"end":{"line":168,"column":null}},"42":{"start":{"line":171,"column":4},"end":{"line":173,"column":5}},"43":{"start":{"line":172,"column":6},"end":{"line":172,"column":47}},"44":{"start":{"line":176,"column":17},"end":{"line":176,"column":70}},"45":{"start":{"line":178,"column":4},"end":{"line":180,"column":5}},"46":{"start":{"line":179,"column":6},"end":{"line":179,"column":47}},"47":{"start":{"line":183,"column":32},"end":{"line":188,"column":6}},"48":{"start":{"line":190,"column":4},"end":{"line":192,"column":7}},"49":{"start":{"line":198,"column":24},"end":{"line":199,"column":null}},"50":{"start":{"line":202,"column":4},"end":{"line":204,"column":5}},"51":{"start":{"line":203,"column":6},"end":{"line":203,"column":39}},"52":{"start":{"line":207,"column":4},"end":{"line":207,"column":58}},"53":{"start":{"line":212,"column":4},"end":{"line":212,"column":62}},"54":{"start":{"line":217,"column":4},"end":{"line":217,"column":46}}},"fnMap":{"0":{"name":"(anonymous_0)","decl":{"start":{"line":26,"column":2},"end":{"line":26,"column":null}},"loc":{"start":{"line":28,"column":44},"end":{"line":50,"column":3}}},"1":{"name":"(anonymous_1)","decl":{"start":{"line":52,"column":10},"end":{"line":52,"column":15}},"loc":{"start":{"line":52,"column":41},"end":{"line":97,"column":3}}},"2":{"name":"(anonymous_2)","decl":{"start":{"line":100,"column":2},"end":{"line":100,"column":7}},"loc":{"start":{"line":101,"column":25},"end":{"line":126,"column":3}}},"3":{"name":"(anonymous_3)","decl":{"start":{"line":129,"column":2},"end":{"line":129,"column":7}},"loc":{"start":{"line":130,"column":23},"end":{"line":162,"column":3}}},"4":{"name":"(anonymous_4)","decl":{"start":{"line":165,"column":2},"end":{"line":165,"column":7}},"loc":{"start":{"line":165,"column":47},"end":{"line":193,"column":3}}},"5":{"name":"(anony
[...]
":6},"end":{"line":123,"column":76}},"30":{"start":{"line":127,"column":21},"end":{"line":127,"column":67}},"31":{"start":{"line":129,"column":4},"end":{"line":131,"column":5}},"32":{"start":{"line":130,"column":6},"end":{"line":130,"column":61}},"33":{"start":{"line":133,"column":45},"end":{"line":133,"column":53}},"34":{"start":{"line":136,"column":33},"end":{"line":139,"column":null}},"35":{"start":{"line":143,"column":43},"end":{"line":147,"column":6}},"36":{"start":{"line":149,"column":4},"end":{"line":156,"column":7}},"37":{"start":{"line":158,"column":4},"end":{"line":158,"column":25}},"38":{"start":{"line":166,"column":4},"end":{"line":187,"column":5}},"39":{"start":{"line":167,"column":24},"end":{"line":167,"column":59}},"40":{"start":{"line":168,"column":20},"end":{"line":168,"column":37}},"41":{"start":{"line":169,"column":6},"end":{"line":169,"column":34}},"42":{"start":{"line":170,"column":11},"end":{"line":187,"column":5}},"43":{"start":{"line":172,"column":29},"end":{"line":173,"column":null}},"44":{"start":{"line":173,"column":8},"end":{"line":173,"column":36}},"45":{"start":{"line":177,"column":20},"end":{"line":177,"column":65}},"46":{"start":{"line":181,"column":8},"end":{"line":182,"column":69}},"47":{"start":{"line":182,"column":41},"end":{"line":182,"column":68}},"48":{"start":{"line":184,"column":6},"end":{"line":184,"column":34}},"49":{"start":{"line":186,"column":6},"end":{"line":186,"column":60}}},"fnMap":{"0":{"name":"(anonymous_0)","decl":{"start":{"line":16,"column":2},"end":{"line":16,"column":14}},"loc":{"start":{"line":16,"column":44},"end":{"line":18,"column":3}}},"1":{"name":"(anonymous_1)","decl":{"start":{"line":20,"column":10},"end":{"line":20,"column":15}},"loc":{"start":{"line":22,"column":15},"end":{"line":58,"column":3}}},"2":{"name":"(anonymous_2)","decl":{"start":{"line":60,"column":2},"end":{"line":60,"column":7}},"loc":{"start":{"line":60,"column":42},"end":{"line":81,"column":3}}},"3":{"name":"(anonymous_3)","decl":{"start":{"line":84,"column":2},"end":{"line":84,"column":7}},"loc":{"start":{"line":84,"column":41},"end":{"line":101,"column":3}}},"4":{"name":"(anonymous_4)","decl":{"start":{"line":88,"column":12},"end":{"line":88,"column":13}},"loc":{"start":{"line":88,"column":22},"end":{"line":88,"column":51}}},"5":{"name":"(anonymous_5)","decl":{"start":{"line":89,"column":11},"end":{"line":89,"column":12}},"loc":{"start":{"line":89,"column":22},"end":{"line":98,"column":8}}},"6":{"name":"(anonymous_6)","decl":{"start":{"line":103,"column":2},"end":{"line":103,"column":7}},"loc":{"start":{"line":103,"column":41},"end":{"line":112,"column":3}}},"7":{"name":"(anonymous_7)","decl":{"start":{"line":114,"column":2},"end":{"line":114,"column":7}},"loc":{"start":{"line":119,"column":29},"end":{"line":159,"column":3}}},"8":{"name":"(anonymous_8)","decl":{"start":{"line":161,"column":10},"end":{"line":161,"column":24}},"loc":{"start":{"line":164,"column":26},"end":{"line":188,"column":3}}},"9":{"name":"(anonymous_9)","decl":{"start":{"line":172,"column":47},"end":{"line":172,"column":48}},"loc":{"start":{"line":173,"column":8},"end":{"line":173,"column":36}}},"10":{"name":"(anonymous_10)","decl":{"start":{"line":182,"column":29},"end":{"line":182,"column":30}},"loc":{"start":{"line":182,"column":41},"end":{"line":182,"column":68}}}},"branchMap":{"0":{"loc":{"start":{"line":25,"column":4},"end":{"line":57,"column":5}},"type":"switch","locations":[{"start":{"line":26,"column":6},"end":{"line":35,"column":52}},{"start":{"line":37,"column":6},"end":{"line":46,"column":51}},{"start":{"line":48,"column":6},"end":{"line":53,"column":51}},{"start":{"line":55,"column":6},"end":{"line":56,"column":66}}]},"1":{"loc":{"start":{"line":31,"column":8},"end":{"line":33,"column":9}},"type":"if","locations":[{"start":{"line":31,"column":8},"end":{"line":33,"column":9}},{"start":{},"end":{}}]},"2":{"loc":{"start":{"line":31,"column":12},"end":{"line":31,"column":49}},"type":"binary-expr","locations":[{"start":{"line":31,"column":12},"end":{"line":31,"column":24}},{"start":{"line":31,"column":28},"end":{"line":31,"column":49}}]},"3":{"loc":{"start":{"line":39,"column":8},"end":{"line":45,"column":9}},"type":"if","locations":[{"start":{"line":39,"column":8},"end":{"line":45,"column":9}},{"start":{},"end":{}}]},"4":{"loc":{"start":{"line":40,"column":10},"end":{"line":42,"column":41}},"type":"binary-expr","locations":[{"start":{"line":40,"column":10},"end":{"line":40,"column":21}},{"start":{"line":41,"column":10},"end":{"line":41,"column":29}},{"start":{"line":42,"column":10},"end":{"line":42,"column":41}}]},"5":{"loc":{"start":{"line":50,"column":8},"end":{"line":52,"column":9}},"type":"if","locations":[{"start":{"line":50,"column":8},"end":{"line":52,"column":9}},{"start":{},"end":{}}]},"6":{"loc":{"start":{"line":50,"column":12},"end":{"line":50,"column":46}},"type":"binary-expr","locations":[{"start":{"line":50,"column":12},"end":{"line":50,"column":23}},{"start":{"line":50,"column":27},"end":{"line":50,"column":46}}]},"7":{"loc":{"start":{"line":122,"column":4},"end":{"line":124,"column":5}},"type":"if","locations":[{"start":{"line":122,"column":4},"end":{"line":124,"column":5}},{"start":{},"end":{}}]},"8":{"loc":{"start":{"line":129,"column":4},"end":{"line":131,"column":5}},"type":"if","locations":[{"start":{"line":129,"column":4},"end":{"line":131,"column":5}},{"start":{},"end":{}}]},"9":{"loc":{"start":{"line":155,"column":24},"end":{"line":155,"column":47}},"type":"binary-expr","locations":[{"start":{"line":155,"column":24},"end":{"line":155,"column":34}},{"start":{"line":155,"column":38},"end":{"line":155,"column":47}}]},"10":{"loc":{"start":{"line":166,"column":4},"end":{"line":187,"column":5}},"type":"if","locations":[{"start":{"line":166,"column":4},"end":{"line":187,"column":5}},{"start":{"line":170,"column":11},"end":{"line":187,"column":5}}]},"11":{"loc":{"start":{"line":168,"column":20},"end":{"line":168,"column":37}},"type":"cond-expr","locations":[{"start":{"line":168,"column":32},"end":{"line":168,"column":33}},{"start":{"line":168,"column":36},"end":{"line":168,"column":37}}]},"12":{"loc":{"start":{"line":170,"column":11},"end":{"line":187,"column":5}},"type":"if","locations":[{"start":{"line":170,"column":11},"end":{"line":187,"column":5}},{"start":{"line":185,"column":11},"end":{"line":187,"column":5}}]},"13":{"loc":{"start":{"line":181,"column":8},"end":{"line":182,"column":69}},"type":"binary-expr","locations":[{"start":{"line":181,"column":8},"end":{"line":181,"column":51}},{"start":{"line":182,"column":8},"end":{"line":182,"column":69}}]}},"s":{"0":5,"1":4,"2":2,"3":2,"4":1,"5":1,"6":1,"7":1,"8":0,"9":1,"10":1,"11":1,"12":0,"13":1,"14":0,"15":2,"16":1,"17":1,"18":1,"19":1,"20":1,"21":1,"22":2,"23":1,"24":1,"25":1,"26":1,"27":1,"28":12,"29":0,"30":12,"31":12,"32":0,"33":12,"34":12,"35":12,"36":12,"37":12,"38":12,"39":12,"40":12,"41":12,"42":0,"43":0,"44":0,"45":0,"46":0,"47":0,"48":0,"49":0},"f":{"0":5,"1":4,"2":2,"3":1,"4":1,"5":2,"6":1,"7":12,"8":12,"9":0,"10":0},"b":{"0":[2,1,1,0],"1":[1,1],"2":[2,1],"3":[0,1],"4":[1,1,1],"5":[0,1],"6":[1,1],"7":[0,12],"8":[0,12],"9":[12,0],"10":[12,0],"11":[8,4],"12":[0,0],"13":[0,0]}}
,"/Users/dako/Documents/200-MyProject/BookAction/BookAction_BackEnd/src/services/MedalService.ts": {"path":"/Users/dako/Documents/200-MyProject/BookAction/BookAction_BackEnd/src/services/MedalService.ts","statementMap":{"0":{"start":{"line":13,"column":4},"end":{"line":13,"column":31}},"1":{"start":{"line":24,"column":21},"end":{"line":26,"column":null}},"2":{"start":{"line":30,"column":17},"end":{"line":30,"column":45}},"3":{"start":{"line":33,"column":4},"end":{"line":38,"column":6}},"4":{"start":{"line":41,"column":4},"end":{"line":41,"column":59}},"5":{"start":{"line":53,"column":21},"end":{"line":53,"column":74}},"6":{"start":{"line":54,"column":4},"end":{"line":54,"column":34}},"7":{"start":{"line":54,"column":27},"end":{"line":54,"column":34}},"8":{"start":{"line":57,"column":23},"end":{"line":57,"column":75}},"9":{"start":{"line":58,"column":4},"end":{"line":58,"column":40}},"10":{"start":{"line":58,"column":33},"end":{"line":58,"column":40}},"11":{"start":{"line":61,"column":27},"end":{"line":63,"column":null}},"12":{"start":{"line":67,"column":4},"end":{"line":67,"column":51}},"13":{"start":{"line":67,"column":44},"end":{"line":67,"column":51}},"14":{"start":{"line":70,"column":26},"end":{"line":72,"column":null}},"15":{"start":{"line":75,"column":4},"end":{"line":75,"column":43}},"16":{"start":{"line":75,"column":36},"end":{"line":75,"column":43}},"17":{"start":{"line":78,"column":6},"end":{"line":79,"column":26}},"18":{"start":{"line":78,"column":39},"end":{"line":78,"column":55}},"19":{"start":{"line":81,"column":23},"end":{"line":81,"column":54}},"20":{"start":{"line":83,"column":4},"end":{"line":88,"column":6}},"21":{"start":{"line":95,"column":4},"end":{"line":95,"column":49}}},"fnMap":{"0":{"name":"(anonymous_0)","decl":{"start":{"line":12,"column":2},"end":{"line":12,"column":14}},"loc":{"start":{"line":12,"column":40},"end":{"line":14,"column":3}}},"1":{"name":"(anonymous_1)","decl":{"start":{"line":22,"column":2},"end":{"line":22,"column":7}},"loc":{"start":{"line":22,"column":59},"end":{"line":42,"column":3}}},"2":{"name":"(anonymous_2)","decl":{"start":{"line":48,"column":10},"end":{"line":48,"column":15}},"loc":{"start":{"line":50,"column":21},"end":{"line":89,"column":3}}},"3":{"name":"(anonymous_3)","decl":{"start":{"line":78,"column":27},"end":{"line":78,"column":28}},"loc":{"start":{"line":78,"column":39},"end":{"line":78,"column":55}}},"4":{"name":"(anonymous_4)","decl":{"start":{"line":94,"column":2},"end":{"line":94,"column":7}},"loc":{"start":{"line":94,"column":42},"end":{"line":96,"column":3}}}},"branchMap":{"0":{"loc":{"start":{"line":54,"column":4},"end":{"line":54,"column":34}},"type":"if","locations":[{"start":{"line":54,"column":4},"end":{"line":54,"column":34}},{"start":{},"end":{}}]},"1":{"loc":{"start":{"line":58,"column":4},"end":{"line":58,"column":40}},"type":"if","locations":[{"start":{"line":58,"column":4},"end":{"line":58,"column":40}},{"start":{},"end":{}}]},"2":{"loc":{"start":{"line":67,"column":4},"end":{"line":67,"column":51}},"type":"if","locations":[{"start":{"line":67,"column":4},"end":{"line":67,"column":51}},{"start":{},"end":{}}]},"3":{"loc":{"start":{"line":75,"column":4},"end":{"line":75,"column":43}},"type":"if","locations":[{"start":{"line":75,"column":4},"end":{"line":75,"column":43}},{"start":{},"end":{}}]}},"s":{"0":5,"1":8,"2":8,"3":8,"4":8,"5":8,"6":8,"7":0,"8":8,"9":8,"10":0,"11":8,"12":8,"13":5,"14":3,"15":3,"16":0,"17":3,"18":8,"19":3,"20":3,"21":7},"f":{"0":5,"1":8,"2":8,"3":8,"4":7},"b":{"0":[0,8],"1":[0,8],"2":[5,3],"3":[0,3]}}
,"/Users/dako/Documents/200-MyProject/BookAction/BookAction_BackEnd/src/services/ModuleService.ts": {"path":"/Users/dako/Documents/200-MyProject/BookAction/BookAction_BackEnd/src/services/ModuleService.ts","statementMap":{"0":{"start":{"line":22,"column":4},"end":{"line":22,"column":33}},"1":{"start":{"line":33,"column":19},"end":{"line":33,"column":70}},"2":{"start":{"line":36,"column":4},"end":{"line":38,"column":5}},"3":{"start":{"line":37,"column":6},"end":{"line":37,"column":64}},"4":{"start":{"line":41,"column":31},"end":{"line":47,"column":6}},"5":{"start":{"line":49,"column":4},"end":{"line":49,"column":20}},"6":{"start":{"line":60,"column":21},"end":{"line":60,"column":72}},"7":{"start":{"line":62,"column":4},"end":{"line":64,"column":5}},"8":{"start":{"line":63,"column":6},"end":{"line":63,"column":44}},"9":{"start":{"line":68,"column":41},"end":{"line":88,"column":6}},"10":{"start":{"line":69,"column":6},"end":{"line":87,"column":8}},"11":{"start":{"line":82,"column":52},"end":{"line":86,"column":10}},"12":{"start":{"line":90,"column":4},"end":{"line":90,"column":23}},"13":{"start":{"line":104,"column":23},"end":{"line":106,"column":null}},"14":{"start":{"line":109,"column":4},"end":{"line":111,"column":5}},"15":{"start":{"line":110,"column":6},"end":{"line":110,"column":69}},"16":{"start":{"line":113,"column":41},"end":{"line":118,"column":6}},"17":{"start":{"line":120,"column":4},"end":{"line":120,"column":25}},"18":{"start":{"line":136,"column":20},"end":{"line":142,"column":6}},"19":{"start":{"line":143,"column":4},"end":{"line":143,"column":59}}},"fnMap":{"0":{"name":"(anonymous_0)","decl":{"start":{"line":21,"column":2},"end":{"line":21,"column":14}},"loc":{"start":{"line":21,"column":42},"end":{"line":23,"column":3}}},"1":{"name":"(anonymous_1)","decl":{"start":{"line":31,"column":2},"end":{"line":31,"column":7}},"loc":{"start":{"line":31,"column":39},"end":{"line":50,"column":3}}},"2":{"name":"(anonymous_2)","decl":{"start":{"line":58,"column":2},"end":{"line":58,"column":7}},"loc":{"start":{"line":58,"column":41},"end":{"line":91,"column":3}}},"3":{"name":"(anonymous_3)","decl":{"start":{"line":68,"column":62},"end":{"line":68,"column":63}},"loc":{"start":{"line":68,"column":73},"end":{"line":88,"column":5}}},"4":{"name":"(anonymous_4)","decl":{"start":{"line":82,"column":38},"end":{"line":82,"column":39}},"loc":{"start":{"line":82,"column":52},"end":{"line":86,"column":10}}},"5":{"name":"(anonymous_5)","decl":{"start":{"line":100,"column":2},"end":{"line":100,"column":7}},"loc":{"start":{"line":102,"column":14},"end":{"line":121,"column":3}}},"6":{"name":"(anonymous_6)","decl":{"start":{"line":130,"column":2},"end":{"line":130,"column":7}},"loc":{"start":{"line":134,"column":45},"end":{"line":144,"column":3}}}},"branchMap":{"0":{"loc":{"start":{"line":36,"column":4},"end":{"line":38,"column":5}},"type":"if","locations":[{"start":{"line":36,"column":4},"end":{"line":38,"column":5}},{"start":{},"end":{}}]},"1":{"loc":{"start":{"line":36,"column":8},"end":{"line":36,"column":32}},"type":"binary-expr","locations":[{"start":{"line":36,"column":8},"end":{"line":36,"column":15}},{"start":{"line":36,"column":19},"end":{"line":36,"column":32}}]},"2":{"loc":{"start":{"line":62,"column":4},"end":{"line":64,"column":5}},"type":"if","locations":[{"start":{"line":62,"column":4},"end":{"line":64,"column":5}},{"start":{},"end":{}}]},"3":{"loc":{"start":{"line":62,"column":8},"end":{"line":62,"column":71}},"type":"binary-expr","locations":[{"start":{"line":62,"column":8},"end":{"line":62,"column":17}},{"start":{"line":62,"column":21},"end":{"line":62,"column":38}},{"start":{"line":62,"column":42},"end":{"line":62,"column":71}}]},"4":{"loc":{"start":{"line":72,"column":15},"end":{"line":80,"column":16}},"type":"cond-expr","locations":[{"start":{"line":73,"column":12},"end":{"line":79,"column":null}},{"start":{"line":80,"column":12},"end":{"line":80,"column":16}}]},"5":{"loc":{"start":{"line":81,"column":18},"end":{"line":81,"column":38}},"type":"binary-expr","locations":[{"start":{"line":81,"column":18},"end":{"line":81,"column":33}},{"start":{"line":81,"column":37},"end":{"line":81,"column":38}}]},"6":{"loc":{"start":{"line":102,"column":4},"end":{"line":102,"column":14}},"type":"default-arg","locations":[{"start":{"line":102,"column":13},"end":{"line":102,"column":14}}]},"7":{"loc":{"start":{"line":109,"column":4},"end":{"line":111,"column":5}},"type":"if","locations":[{"start":{"line":109,"column":4},"end":{"line":111,"column":5}},{"start":{},"end":{}}]},"8":{"loc":{"start":{"line":134,"column":4},"end":{"line":134,"column":45}},"type":"default-arg","locations":[{"start":{"line":134,"column":36},"end":{"line":134,"column":45}}]}},"s":{"0":5,"1":2,"2":2,"3":1,"4":1,"5":1,"6":1,"7":1,"8":0,"9":1,"10":2,"11":4,"12":1,"13":2,"14":2,"15":1,"16":1,"17":1,"18":1,"19":1},"f":{"0":5,"1":2,"2":1,"3":2,"4":4,"5":2,"6":1},"b":{"0":[1,1],"1":[2,1],"2":[0,1],"3":[1,1,1],"4":[2,0],"5":[2,0],"6":[2],"7":[1,1],"8":[0]}}
,"/Users/dako/Documents/200-MyProject/BookAction/BookAction_BackEnd/src/services/SeedService.ts": {"path":"/Users/dako/Documents/200-MyProject/BookAction/BookAction_BackEnd/src/services/SeedService.ts","statementMap":{"0":{"start":{"line":8,"column":4},"end":{"line":8,"column":31}},"1":{"start":{"line":12,"column":4},"end":{"line":12,"column":32}}},"fnMap":{"0":{"name":"(anonymous_0)","decl":{"start":{"line":7,"column":2},"end":{"line":7,"column":14}},"loc":{"start":{"line":7,"column":40},"end":{"line":9,"column":3}}},"1":{"name":"(anonymous_1)","decl":{"start":{"line":11,"column":2},"end":{"line":11,"column":7}},"loc":{"start":{"line":11,"column":12},"end":{"line":13,"column":3}}}},"branchMap":{},"s":{"0":5,"1":0},"f":{"0":5,"1":0},"b":{}}
,"/Users/dako/Documents/200-MyProject/BookAction/BookAction_BackEnd/src/services/UserProgressService.ts": {"path":"/Users/dako/Documents/200-MyProject/BookAction/BookAction_BackEnd/src/services/UserProgressService.ts","statementMap":{"0":{"start":{"line":13,"column":4},"end":{"line":13,"column":37}},"1":{"start":{"line":14,"column":4},"end":{"line":14,"column":37}},"2":{"start":{"line":19,"column":4},"end":{"line":21,"column":5}},"3":{"start":{"line":20,"column":6},"end":{"line":20,"column":45}},"4":{"start":{"line":24,"column":19},"end":{"line":24,"column":74}},"5":{"start":{"line":27,"column":4},"end":{"line":29,"column":5}},"6":{"start":{"line":28,"column":6},"end":{"line":28,"column":72}},"7":{"start":{"line":31,"column":4},"end":{"line":31,"column":18}}},"fnMap":{"0":{"name":"(anonymous_0)","decl":{"start":{"line":9,"column":2},"end":{"line":9,"column":null}},"loc":{"start":{"line":11,"column":30},"end":{"line":15,"column":3}}},"1":{"name":"(anonymous_1)","decl":{"start":{"line":17,"column":2},"end":{"line":17,"column":7}},"loc":{"start":{"line":17,"column":63},"end":{"line":32,"column":3}}}},"branchMap":{"0":{"loc":{"start":{"line":19,"column":4},"end":{"line":21,"column":5}},"type":"if","locations":[{"start":{"line":19,"column":4},"end":{"line":21,"column":5}},{"start":{},"end":{}}]},"1":{"loc":{"start":{"line":27,"column":4},"end":{"line":29,"column":5}},"type":"if","locations":[{"start":{"line":27,"column":4},"end":{"line":29,"column":5}},{"start":{},"end":{}}]}},"s":{"0":5,"1":5,"2":8,"3":0,"4":8,"5":8,"6":8,"7":8},"f":{"0":5,"1":8},"b":{"0":[0,8],"1":[8,0]}}
,"/Users/dako/Documents/200-MyProject/BookAction/BookAction_BackEnd/src/utils/errors.ts": {"path":"/Users/dako/Documents/200-MyProject/BookAction/BookAction_BackEnd/src/utils/errors.ts","statementMap":{"0":{"start":{"line":6,"column":4},"end":{"line":6,"column":19}},"1":{"start":{"line":3,"column":11},"end":{"line":3,"column":26}},"2":{"start":{"line":4,"column":11},"end":{"line":4,"column":32}},"3":{"start":{"line":7,"column":4},"end":{"line":7,"column":27}},"4":{"start":{"line":13,"column":4},"end":{"line":13,"column":31}},"5":{"start":{"line":14,"column":4},"end":{"line":14,"column":28}}},"fnMap":{"0":{"name":"(anonymous_0)","decl":{"start":{"line":2,"column":2},"end":{"line":2,"column":null}},"loc":{"start":{"line":4,"column":35},"end":{"line":8,"column":3}}},"1":{"name":"(anonymous_1)","decl":{"start":{"line":12,"column":2},"end":{"line":12,"column":14}},"loc":{"start":{"line":12,"column":47},"end":{"line":15,"column":3}}}},"branchMap":{"0":{"loc":{"start":{"line":4,"column":11},"end":{"line":4,"column":35}},"type":"default-arg","locations":[{"start":{"line":4,"column":32},"end":{"line":4,"column":35}}]},"1":{"loc":{"start":{"line":12,"column":31},"end":{"line":12,"column":47}},"type":"default-arg","locations":[{"start":{"line":12,"column":44},"end":{"line":12,"column":47}}]}},"s":{"0":2,"1":2,"2":2,"3":2,"4":2,"5":2},"f":{"0":2,"1":2},"b":{"0":[0],"1":[0]}}
,"/Users/dako/Documents/200-MyProject/BookAction/BookAction_BackEnd/src/validation/authValidation.ts": {"path":"/Users/dako/Documents/200-MyProject/BookAction/BookAction_BackEnd/src/validation/authValidation.ts","statementMap":{"0":{"start":{"line":3,"column":30},"end":{"line":14,"column":2}},"1":{"start":{"line":16,"column":27},"end":{"line":19,"column":2}},"2":{"start":{"line":21,"column":29},"end":{"line":23,"column":2}}},"fnMap":{},"branchMap":{},"s":{"0":5,"1":5,"2":5},"f":{},"b":{}}
}
