TN:
SF:src/app.ts
FNF:0
FNH:0
DA:46,5
DA:50,5
DA:51,5
DA:53,5
DA:54,5
DA:56,5
DA:58,5
DA:61,5
DA:62,5
DA:64,5
DA:65,5
DA:66,5
DA:67,5
DA:70,5
DA:71,5
DA:75,5
DA:76,5
DA:77,5
DA:81,5
DA:84,5
DA:99,5
DA:100,5
DA:101,5
DA:106,5
DA:107,5
DA:108,5
DA:109,5
DA:110,5
DA:113,5
LF:29
LH:29
BRF:0
BRH:0
end_of_record
TN:
SF:src/constants/medalThresholds.ts
FN:21,calculateMedalTier
FNF:1
FNH:1
FNDA:23,calculateMedalTier
DA:6,6
DA:22,23
DA:23,14
DA:24,9
DA:25,4
LF:5
LH:5
BRDA:22,0,0,9
BRDA:22,0,1,14
BRDA:23,1,0,5
BRDA:23,1,1,9
BRDA:24,2,0,5
BRDA:24,2,1,4
BRF:6
BRH:6
end_of_record
TN:
SF:src/constants/responseTypes.ts
FNF:0
FNH:0
DA:4,5
LF:1
LH:1
BRF:0
BRH:0
end_of_record
TN:
SF:src/controller/AuthController.ts
FN:19,(anonymous_0)
FN:24,(anonymous_1)
FN:35,(anonymous_2)
FN:72,(anonymous_3)
FN:89,(anonymous_4)
FN:129,(anonymous_5)
FN:154,(anonymous_6)
FN:190,(anonymous_7)
FN:219,(anonymous_8)
FNF:9
FNH:8
FNDA:5,(anonymous_0)
FNDA:12,(anonymous_1)
FNDA:4,(anonymous_2)
FNDA:2,(anonymous_3)
FNDA:12,(anonymous_4)
FNDA:0,(anonymous_5)
FNDA:2,(anonymous_6)
FNDA:1,(anonymous_7)
FNDA:1,(anonymous_8)
DA:20,5
DA:25,12
DA:36,4
DA:38,4
DA:42,2
DA:45,1
DA:48,1
DA:57,1
DA:66,3
DA:68,3
DA:69,2
DA:72,2
DA:77,2
DA:81,1
DA:90,12
DA:92,12
DA:96,12
DA:102,10
DA:105,10
DA:114,10
DA:123,2
DA:125,2
DA:126,0
DA:129,0
DA:134,0
DA:137,2
DA:138,2
DA:142,2
DA:146,0
DA:155,2
DA:157,2
DA:159,2
DA:160,0
DA:163,0
DA:167,2
DA:172,1
DA:180,1
DA:182,1
DA:191,1
DA:193,1
DA:194,1
DA:195,1
DA:199,1
DA:201,1
DA:206,0
DA:209,0
DA:210,0
DA:220,1
DA:223,1
DA:224,1
DA:225,0
DA:229,0
DA:233,1
DA:236,1
DA:237,0
DA:241,0
DA:245,1
DA:248,1
DA:255,0
DA:257,0
LF:60
LH:45
BRDA:53,0,0,1
BRDA:53,0,1,0
BRDA:68,1,0,2
BRDA:68,1,1,1
BRDA:110,2,0,10
BRDA:110,2,1,0
BRDA:125,3,0,0
BRDA:125,3,1,2
BRDA:137,4,0,2
BRDA:137,4,1,0
BRDA:157,5,0,2
BRDA:157,5,1,1
BRDA:159,6,0,0
BRDA:159,6,1,2
BRDA:194,7,0,1
BRDA:194,7,1,0
BRDA:223,8,0,1
BRDA:223,8,1,0
BRDA:224,9,0,0
BRDA:224,9,1,1
BRDA:236,10,0,0
BRDA:236,10,1,1
BRF:22
BRH:13
end_of_record
TN:
SF:src/controller/ConceptController.ts
FN:10,(anonymous_0)
FN:18,(anonymous_1)
FN:28,(anonymous_2)
FN:41,(anonymous_3)
FN:54,(anonymous_4)
FN:67,(anonymous_5)
FN:98,(anonymous_6)
FNF:7
FNH:7
FNDA:5,(anonymous_0)
FNDA:16,(anonymous_1)
FNDA:3,(anonymous_2)
FNDA:2,(anonymous_3)
FNDA:2,(anonymous_4)
FNDA:14,(anonymous_5)
FNDA:9,(anonymous_6)
DA:14,5
DA:15,5
DA:19,16
DA:21,16
DA:22,3
DA:23,3
DA:25,13
DA:29,3
DA:30,3
DA:31,3
DA:33,2
DA:34,1
DA:36,1
DA:37,1
DA:42,2
DA:43,2
DA:44,2
DA:46,1
DA:47,1
DA:49,0
DA:50,0
DA:55,2
DA:56,2
DA:57,2
DA:59,1
DA:60,1
DA:62,0
DA:63,0
DA:68,14
DA:69,14
DA:71,14
DA:72,1
DA:73,1
DA:76,13
DA:77,13
DA:78,1
DA:79,1
DA:82,12
DA:90,12
DA:92,0
DA:93,0
DA:99,9
DA:100,9
DA:101,9
DA:103,9
DA:105,9
DA:106,1
DA:107,1
DA:110,8
DA:116,8
DA:118,0
DA:119,0
LF:52
LH:44
BRDA:19,0,0,16
BRDA:19,0,1,0
BRDA:21,1,0,3
BRDA:21,1,1,13
BRDA:31,2,0,1
BRDA:31,2,1,2
BRDA:44,3,0,1
BRDA:44,3,1,1
BRDA:57,4,0,1
BRDA:57,4,1,1
BRDA:69,5,0,14
BRDA:69,5,1,0
BRDA:71,6,0,1
BRDA:71,6,1,13
BRDA:77,7,0,1
BRDA:77,7,1,12
BRDA:77,8,0,13
BRDA:77,8,1,13
BRDA:77,8,2,12
BRDA:101,9,0,0
BRDA:101,9,1,9
BRDA:105,10,0,1
BRDA:105,10,1,8
BRDA:105,11,0,9
BRDA:105,11,1,8
BRF:25
BRH:22
end_of_record
TN:
SF:src/controller/MedalController.ts
FN:7,(anonymous_0)
FN:16,(anonymous_1)
FNF:2
FNH:2
FNDA:5,(anonymous_0)
FNDA:7,(anonymous_1)
DA:8,5
DA:17,7
DA:18,7
DA:19,7
LF:4
LH:4
BRF:0
BRH:0
end_of_record
TN:
SF:src/controller/ModuleController.ts
FN:8,(anonymous_0)
FN:12,(anonymous_1)
FN:34,(anonymous_2)
FN:53,(anonymous_3)
FN:70,(anonymous_4)
FNF:5
FNH:5
FNDA:5,(anonymous_0)
FNDA:3,(anonymous_1)
FNDA:1,(anonymous_2)
FNDA:2,(anonymous_3)
FNDA:2,(anonymous_4)
DA:9,5
DA:13,3
DA:15,3
DA:18,3
DA:19,1
DA:20,1
DA:24,2
DA:27,1
DA:29,1
DA:30,1
DA:35,1
DA:36,1
DA:38,1
DA:39,0
DA:40,0
DA:43,1
DA:46,1
DA:48,0
DA:49,0
DA:54,2
DA:55,2
DA:57,2
DA:58,0
DA:59,0
DA:62,2
DA:63,1
DA:65,1
DA:66,1
DA:71,2
DA:73,2
DA:75,2
DA:76,0
DA:77,0
DA:81,2
DA:82,2
DA:83,1
DA:84,1
DA:88,1
DA:96,1
DA:104,0
DA:105,0
LF:41
LH:31
BRDA:15,0,0,3
BRDA:15,0,1,0
BRDA:18,1,0,1
BRDA:18,1,1,2
BRDA:38,2,0,0
BRDA:38,2,1,1
BRDA:55,3,0,2
BRDA:55,3,1,0
BRDA:57,4,0,0
BRDA:57,4,1,2
BRDA:73,5,0,2
BRDA:73,5,1,0
BRDA:75,6,0,0
BRDA:75,6,1,2
BRDA:82,7,0,1
BRDA:82,7,1,1
BRDA:82,8,0,2
BRDA:82,8,1,2
BRDA:82,8,2,1
BRF:19
BRH:13
end_of_record
TN:
SF:src/controller/SeedController.ts
FN:7,(anonymous_0)
FN:11,(anonymous_1)
FN:57,getBearerToken
FN:70,getHeaderValue
FNF:4
FNH:4
FNDA:5,(anonymous_0)
FNDA:4,(anonymous_1)
FNDA:2,getBearerToken
FNDA:2,getHeaderValue
DA:8,5
DA:12,4
DA:13,4
DA:14,1
DA:17,1
DA:20,3
DA:21,3
DA:22,1
DA:23,1
DA:26,2
DA:27,2
DA:28,2
DA:30,2
DA:31,1
DA:32,1
DA:35,1
DA:37,1
DA:51,0
DA:52,0
DA:58,2
DA:59,1
DA:62,1
DA:63,1
DA:64,0
DA:67,1
DA:71,2
DA:72,1
DA:74,1
LF:28
LH:25
BRDA:13,0,0,1
BRDA:13,0,1,3
BRDA:21,1,0,1
BRDA:21,1,1,2
BRDA:28,2,0,2
BRDA:28,2,1,1
BRDA:30,3,0,1
BRDA:30,3,1,1
BRDA:30,4,0,2
BRDA:30,4,1,2
BRDA:58,5,0,1
BRDA:58,5,1,1
BRDA:63,6,0,0
BRDA:63,6,1,1
BRDA:63,7,0,1
BRDA:63,7,1,1
BRDA:71,8,0,1
BRDA:71,8,1,1
BRDA:74,9,0,0
BRDA:74,9,1,1
BRF:20
BRH:18
end_of_record
TN:
SF:src/lib/prisma.ts
FNF:0
FNH:0
DA:6,5
DA:11,5
DA:16,5
DA:18,5
DA:20,5
DA:21,5
LF:6
LH:6
BRDA:18,0,0,5
BRDA:18,0,1,5
BRDA:20,1,0,5
BRDA:20,1,1,0
BRF:4
BRH:3
end_of_record
TN:
SF:src/middleware/authMiddleware.ts
FN:18,authMiddleware
FN:80,requireRole
FN:81,(anonymous_2)
FNF:3
FNH:1
FNDA:53,authMiddleware
FNDA:0,requireRole
FNDA:0,(anonymous_2)
DA:23,53
DA:24,53
DA:25,53
DA:27,0
DA:30,53
DA:32,53
DA:34,53
DA:35,5
DA:39,5
DA:45,48
DA:48,48
DA:49,0
DA:53,0
DA:57,48
DA:60,47
DA:63,47
DA:65,1
DA:69,1
DA:73,1
DA:81,0
DA:82,0
DA:83,0
DA:87,0
DA:90,0
DA:91,0
DA:95,0
DA:98,0
LF:27
LH:16
BRDA:24,0,0,53
BRDA:24,0,1,0
BRDA:34,1,0,5
BRDA:34,1,1,48
BRDA:48,2,0,0
BRDA:48,2,1,48
BRDA:48,3,0,48
BRDA:48,3,1,48
BRDA:82,4,0,0
BRDA:82,4,1,0
BRDA:90,5,0,0
BRDA:90,5,1,0
BRF:12
BRH:6
end_of_record
TN:
SF:src/middleware/errorHandler.ts
FN:4,errorHandler
FNF:1
FNH:0
FNDA:0,errorHandler
DA:10,0
DA:11,0
DA:14,0
DA:16,0
DA:17,0
LF:5
LH:0
BRDA:10,0,0,0
BRDA:10,0,1,0
BRF:2
BRH:0
end_of_record
TN:
SF:src/repositories/ConceptRepository.ts
FN:36,(anonymous_0)
FN:45,(anonymous_1)
FN:59,(anonymous_2)
FN:71,(anonymous_3)
FN:84,(anonymous_4)
FN:102,(anonymous_5)
FNF:6
FNH:6
FNDA:5,(anonymous_0)
FNDA:2,(anonymous_1)
FNDA:1,(anonymous_2)
FNDA:1,(anonymous_3)
FNDA:12,(anonymous_4)
FNDA:12,(anonymous_5)
DA:37,5
DA:48,2
DA:60,1
DA:72,1
DA:85,12
DA:105,12
DA:110,12
LF:7
LH:7
BRDA:91,0,0,12
BRDA:91,0,1,0
BRDA:92,1,0,12
BRDA:92,1,1,0
BRDA:110,2,0,12
BRDA:110,2,1,0
BRF:6
BRH:3
end_of_record
TN:
SF:src/repositories/MedalRepository.ts
FN:15,(anonymous_0)
FN:23,(anonymous_1)
FN:49,(anonymous_2)
FN:74,(anonymous_3)
FN:87,(anonymous_4)
FN:92,(anonymous_5)
FN:108,(anonymous_6)
FN:120,(anonymous_7)
FN:135,(anonymous_8)
FN:139,(anonymous_9)
FN:143,(anonymous_10)
FN:150,(anonymous_11)
FN:155,(anonymous_12)
FN:161,(anonymous_13)
FN:173,(anonymous_14)
FN:190,(anonymous_15)
FNF:16
FNH:16
FNDA:5,(anonymous_0)
FNDA:8,(anonymous_1)
FNDA:3,(anonymous_2)
FNDA:7,(anonymous_3)
FNDA:12,(anonymous_4)
FNDA:3,(anonymous_5)
FNDA:8,(anonymous_6)
FNDA:13,(anonymous_7)
FNDA:30,(anonymous_8)
FNDA:30,(anonymous_9)
FNDA:30,(anonymous_10)
FNDA:8,(anonymous_11)
FNDA:20,(anonymous_12)
FNDA:8,(anonymous_13)
FNDA:8,(anonymous_14)
FNDA:3,(anonymous_15)
DA:5,5
DA:16,5
DA:29,8
DA:34,8
DA:36,2
DA:39,6
DA:55,3
DA:60,3
DA:61,1
DA:64,2
DA:75,7
DA:86,7
DA:87,12
DA:92,3
DA:113,8
DA:118,8
DA:120,13
DA:123,8
DA:131,8
DA:134,8
DA:136,30
DA:137,30
DA:139,30
DA:141,8
DA:143,30
DA:144,8
DA:151,8
DA:155,20
DA:162,8
DA:166,8
DA:177,8
DA:194,3
LF:32
LH:32
BRDA:34,0,0,2
BRDA:34,0,1,6
BRDA:34,1,0,8
BRDA:34,1,1,2
BRDA:60,2,0,1
BRDA:60,2,1,2
BRDA:60,3,0,3
BRDA:60,3,1,1
BRDA:118,4,0,0
BRDA:118,4,1,8
BRDA:131,5,0,0
BRDA:131,5,1,8
BRDA:137,6,0,30
BRDA:137,6,1,0
BRDA:141,7,0,0
BRDA:141,7,1,8
BRDA:166,8,0,8
BRDA:166,8,1,0
BRF:18
BRH:13
end_of_record
TN:
SF:src/repositories/ModuleRepository.ts
FN:8,(anonymous_0)
FN:12,(anonymous_1)
FN:19,(anonymous_2)
FN:28,(anonymous_3)
FN:48,(anonymous_4)
FN:52,(anonymous_5)
FN:72,(anonymous_6)
FN:84,(anonymous_7)
FNF:8
FNH:8
FNDA:5,(anonymous_0)
FNDA:2,(anonymous_1)
FNDA:2,(anonymous_2)
FNDA:1,(anonymous_3)
FNDA:2,(anonymous_4)
FNDA:4,(anonymous_5)
FNDA:4,(anonymous_6)
FNDA:1,(anonymous_7)
DA:9,5
DA:13,2
DA:20,2
DA:30,1
DA:47,1
DA:50,2
DA:51,2
DA:52,4
DA:55,2
DA:59,2
DA:72,4
DA:85,1
LF:12
LH:12
BRDA:19,0,0,0
BRDA:52,1,0,4
BRDA:52,1,1,3
BRDA:55,2,0,2
BRDA:55,2,1,0
BRDA:62,3,0,2
BRDA:62,3,1,0
BRDA:76,4,0,4
BRDA:76,4,1,3
BRDA:91,5,0,1
BRDA:91,5,1,0
BRF:11
BRH:7
end_of_record
TN:
SF:src/repositories/RefreshTokenRepository.ts
FN:6,(anonymous_0)
FN:11,(anonymous_1)
FN:26,(anonymous_2)
FN:40,(anonymous_3)
FN:50,(anonymous_4)
FN:62,(anonymous_5)
FNF:6
FNH:4
FNDA:5,(anonymous_0)
FNDA:11,(anonymous_1)
FNDA:3,(anonymous_2)
FNDA:1,(anonymous_3)
FNDA:0,(anonymous_4)
FNDA:0,(anonymous_5)
DA:7,5
DA:16,11
DA:27,3
DA:32,3
DA:33,2
DA:35,1
DA:41,1
DA:51,0
DA:63,0
LF:9
LH:7
BRDA:32,0,0,2
BRDA:32,0,1,1
BRDA:32,1,0,3
BRDA:32,1,1,2
BRF:4
BRH:4
end_of_record
TN:
SF:src/repositories/UserProgressRepository.ts
FN:7,(anonymous_0)
FN:15,(anonymous_1)
FNF:2
FNH:2
FNDA:5,(anonymous_0)
FNDA:8,(anonymous_1)
DA:8,5
DA:16,8
LF:2
LH:2
BRDA:25,0,0,8
BRDA:25,0,1,0
BRDA:26,1,0,8
BRDA:26,1,1,0
BRDA:33,2,0,8
BRDA:33,2,1,0
BRDA:34,3,0,8
BRDA:34,3,1,0
BRF:8
BRH:4
end_of_record
TN:
SF:src/repositories/UserRepository.ts
FN:7,(anonymous_0)
FN:12,(anonymous_1)
FN:19,(anonymous_2)
FN:26,(anonymous_3)
FN:33,(anonymous_4)
FN:46,(anonymous_5)
FNF:6
FNH:6
FNDA:5,(anonymous_0)
FNDA:13,(anonymous_1)
FNDA:2,(anonymous_2)
FNDA:2,(anonymous_3)
FNDA:1,(anonymous_4)
FNDA:10,(anonymous_5)
DA:8,5
DA:13,13
DA:20,2
DA:27,2
DA:36,1
DA:47,10
LF:6
LH:6
BRF:0
BRH:0
end_of_record
TN:
SF:src/routes/auth.routes.ts
FN:5,createAuthRoutes
FN:11,(anonymous_1)
FN:12,(anonymous_2)
FN:13,(anonymous_3)
FN:16,(anonymous_4)
FN:20,(anonymous_5)
FNF:6
FNH:6
FNDA:5,createAuthRoutes
FNDA:4,(anonymous_1)
FNDA:12,(anonymous_2)
FNDA:2,(anonymous_3)
FNDA:1,(anonymous_4)
FNDA:1,(anonymous_5)
DA:8,5
DA:11,5
DA:12,12
DA:13,5
DA:16,5
DA:17,1
DA:20,5
DA:21,1
DA:24,5
LF:9
LH:9
BRF:0
BRH:0
end_of_record
TN:
SF:src/routes/concept.routes.ts
FN:5,createConceptRoutes
FN:11,(anonymous_1)
FN:15,(anonymous_2)
FN:19,(anonymous_3)
FN:23,(anonymous_4)
FN:28,(anonymous_5)
FNF:6
FNH:6
FNDA:5,createConceptRoutes
FNDA:3,(anonymous_1)
FNDA:2,(anonymous_2)
FNDA:2,(anonymous_3)
FNDA:14,(anonymous_4)
FNDA:9,(anonymous_5)
DA:6,5
DA:9,5
DA:11,5
DA:12,3
DA:15,5
DA:16,2
DA:19,5
DA:20,2
DA:23,5
DA:24,14
DA:28,5
DA:29,9
DA:32,5
LF:13
LH:13
BRF:0
BRH:0
end_of_record
TN:
SF:src/routes/medal.routes.ts
FN:5,createMedalRoutes
FN:9,(anonymous_1)
FNF:2
FNH:2
FNDA:5,createMedalRoutes
FNDA:7,(anonymous_1)
DA:6,5
DA:9,5
DA:10,7
DA:13,5
LF:4
LH:4
BRF:0
BRH:0
end_of_record
TN:
SF:src/routes/module.routes.ts
FN:5,createModuleRoutes
FN:11,(anonymous_1)
FN:15,(anonymous_2)
FN:19,(anonymous_3)
FN:23,(anonymous_4)
FNF:5
FNH:5
FNDA:5,createModuleRoutes
FNDA:3,(anonymous_1)
FNDA:2,(anonymous_2)
FNDA:1,(anonymous_3)
FNDA:2,(anonymous_4)
DA:6,5
DA:9,5
DA:11,5
DA:12,3
DA:15,5
DA:16,2
DA:19,5
DA:20,1
DA:23,5
DA:24,2
DA:27,5
LF:11
LH:11
BRF:0
BRH:0
end_of_record
TN:
SF:src/routes/seed.routes.ts
FN:4,createSeedRoutes
FN:7,(anonymous_1)
FNF:2
FNH:2
FNDA:5,createSeedRoutes
FNDA:4,(anonymous_1)
DA:5,5
DA:7,5
DA:8,4
DA:11,5
LF:4
LH:4
BRF:0
BRH:0
end_of_record
TN:
SF:src/seed/runSeed.ts
FN:71,runSeed
FN:86,clearDatabase
FN:123,resetSequences
FN:149,seedUserWithToken
FN:176,loadCourseContent
FN:193,seedCourseContent
FN:218,seedModule
FNF:7
FNH:0
FNDA:0,runSeed
FNDA:0,clearDatabase
FNDA:0,resetSequences
FNDA:0,seedUserWithToken
FNDA:0,loadCourseContent
FNDA:0,seedCourseContent
FNDA:0,seedModule
DA:72,0
DA:74,0
DA:75,0
DA:77,0
DA:87,0
DA:88,0
DA:103,0
DA:105,0
DA:108,0
DA:109,0
DA:110,0
DA:111,0
DA:112,0
DA:113,0
DA:114,0
DA:115,0
DA:116,0
DA:117,0
DA:118,0
DA:120,0
DA:124,0
DA:138,0
DA:139,0
DA:140,0
DA:144,0
DA:153,0
DA:155,0
DA:165,0
DA:173,0
DA:177,0
DA:183,0
DA:184,0
DA:186,0
DA:187,0
DA:190,0
DA:201,0
DA:202,0
DA:203,0
DA:205,0
DA:206,0
DA:207,0
DA:208,0
DA:211,0
DA:223,0
DA:225,0
DA:233,0
DA:244,0
DA:246,0
DA:247,0
DA:257,0
DA:268,0
DA:277,0
DA:278,0
DA:290,0
DA:294,0
DA:305,0
LF:56
LH:0
BRDA:186,0,0,0
BRDA:186,0,1,0
BRDA:277,1,0,0
BRDA:277,1,1,0
BRF:4
BRH:0
end_of_record
TN:
SF:src/services/AuthService.ts
FN:26,(anonymous_0)
FN:52,(anonymous_1)
FN:100,(anonymous_2)
FN:129,(anonymous_3)
FN:165,(anonymous_4)
FN:196,(anonymous_5)
FN:211,(anonymous_6)
FN:216,(anonymous_7)
FNF:8
FNH:7
FNDA:5,(anonymous_0)
FNDA:11,(anonymous_1)
FNDA:2,(anonymous_2)
FNDA:12,(anonymous_3)
FNDA:2,(anonymous_4)
FNDA:1,(anonymous_5)
FNDA:0,(anonymous_6)
FNDA:1,(anonymous_7)
DA:31,5
DA:32,5
DA:35,5
DA:36,5
DA:38,5
DA:41,5
DA:42,5
DA:43,5
DA:44,0
DA:48,5
DA:49,5
DA:53,11
DA:65,11
DA:72,11
DA:86,11
DA:88,11
DA:91,11
DA:94,11
DA:96,11
DA:104,2
DA:105,1
DA:108,1
DA:109,0
DA:113,1
DA:116,1
DA:123,1
DA:125,1
DA:132,12
DA:134,12
DA:135,11
DA:137,1
DA:139,12
DA:140,1
DA:142,11
DA:143,0
DA:147,11
DA:151,11
DA:152,1
DA:156,10
DA:159,10
DA:161,10
DA:167,2
DA:171,2
DA:172,1
DA:176,1
DA:178,1
DA:179,0
DA:183,1
DA:190,1
DA:198,1
DA:202,1
DA:203,0
DA:207,1
DA:212,0
DA:217,1
LF:55
LH:49
BRDA:35,0,0,5
BRDA:35,0,1,0
BRDA:36,1,0,5
BRDA:36,1,1,0
BRDA:38,2,0,5
BRDA:38,2,1,0
BRDA:43,3,0,0
BRDA:43,3,1,5
BRDA:43,4,0,5
BRDA:43,4,1,5
BRDA:88,5,0,0
BRDA:88,5,1,11
BRDA:90,6,0,11
BRDA:90,6,1,0
BRDA:90,7,0,11
BRDA:90,7,1,0
BRDA:104,8,0,1
BRDA:104,8,1,1
BRDA:108,9,0,0
BRDA:108,9,1,1
BRDA:134,10,0,11
BRDA:134,10,1,1
BRDA:139,11,0,1
BRDA:139,11,1,11
BRDA:142,12,0,0
BRDA:142,12,1,11
BRDA:151,13,0,1
BRDA:151,13,1,10
BRDA:171,14,0,1
BRDA:171,14,1,1
BRDA:178,15,0,0
BRDA:178,15,1,1
BRDA:202,16,0,0
BRDA:202,16,1,1
BRF:34
BRH:23
end_of_record
TN:
SF:src/services/ConceptService.ts
FN:16,(anonymous_0)
FN:20,(anonymous_1)
FN:60,(anonymous_2)
FN:84,(anonymous_3)
FN:88,(anonymous_4)
FN:89,(anonymous_5)
FN:103,(anonymous_6)
FN:114,(anonymous_7)
FN:161,(anonymous_8)
FN:172,(anonymous_9)
FN:182,(anonymous_10)
FNF:11
FNH:9
FNDA:5,(anonymous_0)
FNDA:4,(anonymous_1)
FNDA:2,(anonymous_2)
FNDA:1,(anonymous_3)
FNDA:1,(anonymous_4)
FNDA:2,(anonymous_5)
FNDA:1,(anonymous_6)
FNDA:12,(anonymous_7)
FNDA:12,(anonymous_8)
FNDA:0,(anonymous_9)
FNDA:0,(anonymous_10)
DA:17,5
DA:25,4
DA:28,2
DA:31,2
DA:32,1
DA:35,1
DA:38,1
DA:39,1
DA:44,0
DA:46,1
DA:49,1
DA:50,1
DA:51,0
DA:53,1
DA:56,0
DA:61,2
DA:62,1
DA:64,1
DA:80,1
DA:85,1
DA:87,1
DA:88,1
DA:89,2
DA:100,1
DA:104,1
DA:106,1
DA:107,1
DA:111,1
DA:122,12
DA:123,0
DA:127,12
DA:129,12
DA:130,0
DA:133,12
DA:136,12
DA:143,12
DA:149,12
DA:158,12
DA:166,12
DA:167,12
DA:168,12
DA:169,12
DA:170,0
DA:172,0
DA:173,0
DA:177,0
DA:181,0
DA:182,0
DA:184,0
DA:186,0
LF:50
LH:37
BRDA:25,0,0,2
BRDA:25,0,1,1
BRDA:25,0,2,1
BRDA:25,0,3,0
BRDA:31,1,0,1
BRDA:31,1,1,1
BRDA:31,2,0,2
BRDA:31,2,1,1
BRDA:39,3,0,0
BRDA:39,3,1,1
BRDA:40,4,0,1
BRDA:40,4,1,1
BRDA:40,4,2,1
BRDA:50,5,0,0
BRDA:50,5,1,1
BRDA:50,6,0,1
BRDA:50,6,1,1
BRDA:122,7,0,0
BRDA:122,7,1,12
BRDA:129,8,0,0
BRDA:129,8,1,12
BRDA:155,9,0,12
BRDA:155,9,1,0
BRDA:166,10,0,12
BRDA:166,10,1,0
BRDA:168,11,0,8
BRDA:168,11,1,4
BRDA:170,12,0,0
BRDA:170,12,1,0
BRDA:181,13,0,0
BRDA:181,13,1,0
BRF:31
BRH:20
end_of_record
TN:
SF:src/services/MedalService.ts
FN:12,(anonymous_0)
FN:22,(anonymous_1)
FN:48,(anonymous_2)
FN:78,(anonymous_3)
FN:94,(anonymous_4)
FNF:5
FNH:5
FNDA:5,(anonymous_0)
FNDA:8,(anonymous_1)
FNDA:8,(anonymous_2)
FNDA:8,(anonymous_3)
FNDA:7,(anonymous_4)
DA:13,5
DA:24,8
DA:30,8
DA:33,8
DA:41,8
DA:53,8
DA:54,8
DA:57,8
DA:58,8
DA:61,8
DA:67,8
DA:70,3
DA:75,3
DA:78,8
DA:81,3
DA:83,3
DA:95,7
LF:17
LH:17
BRDA:54,0,0,0
BRDA:54,0,1,8
BRDA:58,1,0,0
BRDA:58,1,1,8
BRDA:67,2,0,5
BRDA:67,2,1,3
BRDA:75,3,0,0
BRDA:75,3,1,3
BRF:8
BRH:5
end_of_record
TN:
SF:src/services/ModuleService.ts
FN:21,(anonymous_0)
FN:31,(anonymous_1)
FN:58,(anonymous_2)
FN:68,(anonymous_3)
FN:82,(anonymous_4)
FN:100,(anonymous_5)
FN:130,(anonymous_6)
FNF:7
FNH:7
FNDA:5,(anonymous_0)
FNDA:2,(anonymous_1)
FNDA:1,(anonymous_2)
FNDA:2,(anonymous_3)
FNDA:4,(anonymous_4)
FNDA:2,(anonymous_5)
FNDA:1,(anonymous_6)
DA:22,5
DA:33,2
DA:36,2
DA:37,1
DA:41,1
DA:49,1
DA:60,1
DA:62,1
DA:63,0
DA:68,1
DA:69,2
DA:82,4
DA:90,1
DA:104,2
DA:109,2
DA:110,1
DA:113,1
DA:120,1
DA:136,1
DA:143,1
LF:20
LH:19
BRDA:36,0,0,1
BRDA:36,0,1,1
BRDA:36,1,0,2
BRDA:36,1,1,1
BRDA:62,2,0,0
BRDA:62,2,1,1
BRDA:62,3,0,1
BRDA:62,3,1,1
BRDA:62,3,2,1
BRDA:72,4,0,2
BRDA:72,4,1,0
BRDA:81,5,0,2
BRDA:81,5,1,0
BRDA:102,6,0,2
BRDA:109,7,0,1
BRDA:109,7,1,1
BRDA:134,8,0,0
BRF:17
BRH:13
end_of_record
TN:
SF:src/services/SeedService.ts
FN:7,(anonymous_0)
FN:11,(anonymous_1)
FNF:2
FNH:1
FNDA:5,(anonymous_0)
FNDA:0,(anonymous_1)
DA:8,5
DA:12,0
LF:2
LH:1
BRF:0
BRH:0
end_of_record
TN:
SF:src/services/UserProgressService.ts
FN:9,(anonymous_0)
FN:17,(anonymous_1)
FNF:2
FNH:2
FNDA:5,(anonymous_0)
FNDA:8,(anonymous_1)
DA:13,5
DA:14,5
DA:19,8
DA:20,0
DA:24,8
DA:27,8
DA:28,8
DA:31,8
LF:8
LH:7
BRDA:19,0,0,0
BRDA:19,0,1,8
BRDA:27,1,0,8
BRDA:27,1,1,0
BRF:4
BRH:2
end_of_record
TN:
SF:src/utils/errors.ts
FN:2,(anonymous_0)
FN:12,(anonymous_1)
FNF:2
FNH:2
FNDA:2,(anonymous_0)
FNDA:2,(anonymous_1)
DA:3,2
DA:4,2
DA:6,2
DA:7,2
DA:13,2
DA:14,2
LF:6
LH:6
BRDA:4,0,0,0
BRDA:12,1,0,0
BRF:2
BRH:0
end_of_record
TN:
SF:src/validation/authValidation.ts
FNF:0
FNH:0
DA:3,5
DA:16,5
DA:21,5
LF:3
LH:3
BRF:0
BRH:0
end_of_record
